sample.interval=20000
"*" "<Anonymous>" "mapply" "Map" "find_mle_parameters" 
"diag" "standardGeneric" "diag" "<Anonymous>" "mapply" "Map" "find_mle_parameters" 
"S_matrix_function" "<Anonymous>" "mapply" "Map" "find_mle_parameters" 
"base::chol2inv" "chol2inv" "chol2inv" "<Anonymous>" "mapply" "Map" "find_mle_parameters" 
"*" "omega_func" "<Anonymous>" "mapply" "Map" "find_mle_parameters" 
"as.matrix" "chol.default" "chol" "standardGeneric" "chol" "chol2inv" "<Anonymous>" "mapply" "Map" "find_mle_parameters" 
"as.matrix" "chol.default" "chol" "standardGeneric" "chol" "chol2inv" "<Anonymous>" "mapply" "Map" "find_mle_parameters" 
"as.matrix" "chol.default" "chol" "standardGeneric" "chol" "chol2inv" "<Anonymous>" "mapply" "Map" "find_mle_parameters" 
"as.matrix" "chol.default" "chol" "standardGeneric" "chol" "chol2inv" "<Anonymous>" "mapply" "Map" "find_mle_parameters" 
"as.matrix" "chol.default" "chol" "standardGeneric" "chol" "chol2inv" "<Anonymous>" "mapply" "Map" "find_mle_parameters" 
"as.matrix" "chol.default" "chol" "standardGeneric" "chol" "chol2inv" "<Anonymous>" "mapply" "Map" "find_mle_parameters" 
"as.matrix" "chol.default" "chol" "standardGeneric" "chol" "chol2inv" "<Anonymous>" "mapply" "Map" "find_mle_parameters" 
"as.matrix" "chol.default" "chol" "standardGeneric" "chol" "chol2inv" "<Anonymous>" "mapply" "Map" "find_mle_parameters" 
"as.matrix" "chol.default" "chol" "standardGeneric" "chol" "chol2inv" "<Anonymous>" "mapply" "Map" "find_mle_parameters" 
"as.matrix" "chol.default" "chol" "standardGeneric" "chol" "chol2inv" "<Anonymous>" "mapply" "Map" "find_mle_parameters" 
"*" "S_matrix_function" "<Anonymous>" "mapply" "Map" "find_mle_parameters" 
"*" "omega_func" "<Anonymous>" "mapply" "Map" "find_mle_parameters" 
"*" "S_matrix_function" "<Anonymous>" "mapply" "Map" "find_mle_parameters" 
"diag" "standardGeneric" "diag" "<Anonymous>" "mapply" "Map" "find_mle_parameters" 
"*" "parameter_score" "<Anonymous>" "mapply" "Map" "find_mle_parameters" 
"%*%" "FUN" "lapply" "multiply_list_by_matrix" "S_matrix_function" "<Anonymous>" "mapply" "Map" "find_mle_parameters" 
"%*%" "FUN" "lapply" "multiply_list_by_matrix" "S_matrix_function" "<Anonymous>" "mapply" "Map" "find_mle_parameters" 
"<" "<Anonymous>" "mapply" "Map" "find_mle_parameters" 
"<" "<Anonymous>" "mapply" "Map" "find_mle_parameters" 
"diag" "standardGeneric" "diag" "<Anonymous>" "mapply" "Map" "find_mle_parameters" 
"<" "<Anonymous>" "mapply" "Map" "find_mle_parameters" 
"*" "S_matrix_function" "<Anonymous>" "mapply" "Map" "find_mle_parameters" 
"%*%" "FUN" "lapply" "multiply_list_by_matrix" "S_matrix_function" "<Anonymous>" "mapply" "Map" "find_mle_parameters" 
"S_matrix_function" "<Anonymous>" "mapply" "Map" "find_mle_parameters" 
"*" "S_matrix_function" "<Anonymous>" "mapply" "Map" "find_mle_parameters" 
"*" "omega_func" "<Anonymous>" "mapply" "Map" "find_mle_parameters" 
"*" "S_matrix_function" "<Anonymous>" "mapply" "Map" "find_mle_parameters" 
"*" "omega_func" "<Anonymous>" "mapply" "Map" "find_mle_parameters" 
"*" "S_matrix_function" "<Anonymous>" "mapply" "Map" "find_mle_parameters" 
"*" "parameter_score" "<Anonymous>" "mapply" "Map" "find_mle_parameters" 
"*" "parameter_score" "<Anonymous>" "mapply" "Map" "find_mle_parameters" 
"<Anonymous>" "mapply" "Map" "find_mle_parameters" 
"chol.default" "chol" "standardGeneric" "chol" "chol2inv" "<Anonymous>" "mapply" "Map" "find_mle_parameters" 
"%*%" "FUN" "lapply" "multiply_list_by_matrix" "S_matrix_function" "<Anonymous>" "mapply" "Map" "find_mle_parameters" 
"*" "parameter_score" "<Anonymous>" "mapply" "Map" "find_mle_parameters" 
"%*%" "FUN" "lapply" "multiply_list_by_matrix" "S_matrix_function" "<Anonymous>" "mapply" "Map" "find_mle_parameters" 
"*" "parameter_score" "<Anonymous>" "mapply" "Map" "find_mle_parameters" 
"*" "S_matrix_function" "<Anonymous>" "mapply" "Map" "find_mle_parameters" 
"*" "omega_func" "<Anonymous>" "mapply" "Map" "find_mle_parameters" 
"*" "omega_func" "<Anonymous>" "mapply" "Map" "find_mle_parameters" 
"*" "S_matrix_function" "<Anonymous>" "mapply" "Map" "find_mle_parameters" 
"<Anonymous>" "mapply" "Map" "find_mle_parameters" 
"*" "parameter_score" "<Anonymous>" "mapply" "Map" "find_mle_parameters" 
"is.list" "diag" "standardGeneric" "diag" "<Anonymous>" "mapply" "Map" "find_mle_parameters" 
"<" "<Anonymous>" "mapply" "Map" "find_mle_parameters" 
"*" "S_matrix_function" "<Anonymous>" "mapply" "Map" "find_mle_parameters" 
"*" "S_matrix_function" "<Anonymous>" "mapply" "Map" "find_mle_parameters" 
"*" "S_matrix_function" "<Anonymous>" "mapply" "Map" "find_mle_parameters" 
"*" "S_matrix_function" "<Anonymous>" "mapply" "Map" "find_mle_parameters" 
"diag" "standardGeneric" "diag" "<Anonymous>" "mapply" "Map" "find_mle_parameters" 
"*" "omega_func" "<Anonymous>" "mapply" "Map" "find_mle_parameters" 
"diag" "standardGeneric" "diag" "<Anonymous>" "mapply" "Map" "find_mle_parameters" 
"%*%" "FUN" "lapply" "multiply_list_by_matrix" "S_matrix_function" "<Anonymous>" "mapply" "Map" "find_mle_parameters" 
"chol.default" "chol" "standardGeneric" "chol" "chol2inv" "<Anonymous>" "mapply" "Map" "find_mle_parameters" 
"base::chol2inv" "chol2inv" "chol2inv" "<Anonymous>" "mapply" "Map" "find_mle_parameters" 
"*" "S_matrix_function" "<Anonymous>" "mapply" "Map" "find_mle_parameters" 
"*" "omega_func" "<Anonymous>" "mapply" "Map" "find_mle_parameters" 
"*" "S_matrix_function" "<Anonymous>" "mapply" "Map" "find_mle_parameters" 
"*" "parameter_score" "<Anonymous>" "mapply" "Map" "find_mle_parameters" 
"*" "omega_func" "<Anonymous>" "mapply" "Map" "find_mle_parameters" 
"%*%" "FUN" "lapply" "multiply_list_by_matrix" "S_matrix_function" "<Anonymous>" "mapply" "Map" "find_mle_parameters" 
"<Anonymous>" "mapply" "Map" "find_mle_parameters" 
"*" "parameter_score" "<Anonymous>" "mapply" "Map" "find_mle_parameters" 
"<Anonymous>" "mapply" "Map" "find_mle_parameters" 
"base::chol2inv" "chol2inv" "chol2inv" "<Anonymous>" "mapply" "Map" "find_mle_parameters" 
"*" "omega_func" "<Anonymous>" "mapply" "Map" "find_mle_parameters" 
"*" "S_matrix_function" "<Anonymous>" "mapply" "Map" "find_mle_parameters" 
"<Anonymous>" "mapply" "Map" "find_mle_parameters" 
"*" "parameter_score" "<Anonymous>" "mapply" "Map" "find_mle_parameters" 
"%*%" "FUN" "lapply" "multiply_list_by_matrix" "S_matrix_function" "<Anonymous>" "mapply" "Map" "find_mle_parameters" 
"*" "parameter_score" "<Anonymous>" "mapply" "Map" "find_mle_parameters" 
"*" "omega_func" "<Anonymous>" "mapply" "Map" "find_mle_parameters" 
"*" "S_matrix_function" "<Anonymous>" "mapply" "Map" "find_mle_parameters" 
"%*%" "FUN" "lapply" "multiply_list_by_matrix" "S_matrix_function" "<Anonymous>" "mapply" "Map" "find_mle_parameters" 
"%*%" "FUN" "lapply" "multiply_list_by_matrix" "S_matrix_function" "<Anonymous>" "mapply" "Map" "find_mle_parameters" 
"*" "omega_func" "<Anonymous>" "mapply" "Map" "find_mle_parameters" 
"diag" "standardGeneric" "diag" "<Anonymous>" "mapply" "Map" "find_mle_parameters" 
"S_matrix_function" "<Anonymous>" "mapply" "Map" "find_mle_parameters" 
"chol.default" "chol" "standardGeneric" "chol" "chol2inv" "<Anonymous>" "mapply" "Map" "find_mle_parameters" 
"diag" "standardGeneric" "diag" "<Anonymous>" "mapply" "Map" "find_mle_parameters" 
"base::chol2inv" "chol2inv" "chol2inv" "<Anonymous>" "mapply" "Map" "find_mle_parameters" 
"base::chol2inv" "chol2inv" "chol2inv" "<Anonymous>" "mapply" "Map" "find_mle_parameters" 
"%*%" "FUN" "lapply" "multiply_list_by_matrix" "S_matrix_function" "<Anonymous>" "mapply" "Map" "find_mle_parameters" 
"S_matrix_function" "<Anonymous>" "mapply" "Map" "find_mle_parameters" 
"*" "S_matrix_function" "<Anonymous>" "mapply" "Map" "find_mle_parameters" 
"sum" "S_matrix_function" "<Anonymous>" "mapply" "Map" "find_mle_parameters" 
"%*%" "FUN" "lapply" "multiply_list_by_matrix" "S_matrix_function" "<Anonymous>" "mapply" "Map" "find_mle_parameters" 
"*" "S_matrix_function" "<Anonymous>" "mapply" "Map" "find_mle_parameters" 
"chol.default" "chol" "standardGeneric" "chol" "chol2inv" "<Anonymous>" "mapply" "Map" "find_mle_parameters" 
"diag" "standardGeneric" "diag" "<Anonymous>" "mapply" "Map" "find_mle_parameters" 
"<Anonymous>" "mapply" "Map" "find_mle_parameters" 
"*" "S_matrix_function" "<Anonymous>" "mapply" "Map" "find_mle_parameters" 
"<" "<Anonymous>" "mapply" "Map" "find_mle_parameters" 
"*" "omega_func" "<Anonymous>" "mapply" "Map" "find_mle_parameters" 
"diag" "standardGeneric" "diag" "standardGeneric" "diag" "<Anonymous>" "mapply" "Map" "find_mle_parameters" 
"<Anonymous>" "asMethod" "as" "FUN" "lapply" "lapply" ".bdiag" ".class1" "as" "bdiag" "find_mle_parameters" 
"*" "S_matrix_function" "<Anonymous>" "mapply" "Map" "find_mle_parameters" 
"*" "parameter_score" "<Anonymous>" "mapply" "Map" "find_mle_parameters" 
"*" "omega_func" "<Anonymous>" "mapply" "Map" "find_mle_parameters" 
"%*%" "Py_func" "<Anonymous>" "mapply" "Map" "find_mle_parameters" 
"%*%" "FUN" "lapply" "multiply_list_by_matrix" "S_matrix_function" "<Anonymous>" "mapply" "Map" "find_mle_parameters" 
"*" "S_matrix_function" "<Anonymous>" "mapply" "Map" "find_mle_parameters" 
"*" "S_matrix_function" "<Anonymous>" "mapply" "Map" "find_mle_parameters" 
"%*%" "FUN" "lapply" "multiply_list_by_matrix" "S_matrix_function" "<Anonymous>" "mapply" "Map" "find_mle_parameters" 
"chol2inv" "<Anonymous>" "mapply" "Map" "find_mle_parameters" 
"base::crossprod" "crossprod" "crossprod" "<Anonymous>" "mapply" "Map" "find_mle_parameters" 
"*" "omega_func" "<Anonymous>" "mapply" "Map" "find_mle_parameters" 
"*" "parameter_score" "<Anonymous>" "mapply" "Map" "find_mle_parameters" 
"%*%" "FUN" "lapply" "multiply_list_by_matrix" "S_matrix_function" "<Anonymous>" "mapply" "Map" "find_mle_parameters" 
"%*%" "FUN" "lapply" "multiply_list_by_matrix" "S_matrix_function" "<Anonymous>" "mapply" "Map" "find_mle_parameters" 
"*" "S_matrix_function" "<Anonymous>" "mapply" "Map" "find_mle_parameters" 
"base::chol2inv" "chol2inv" "chol2inv" "<Anonymous>" "mapply" "Map" "find_mle_parameters" 
"S_matrix_function" "<Anonymous>" "mapply" "Map" "find_mle_parameters" 
"base::chol2inv" "chol2inv" "chol2inv" "<Anonymous>" "mapply" "Map" "find_mle_parameters" 
"matrix_mult" "multiply_list_by_matrix" "S_matrix_function" "<Anonymous>" "mapply" "Map" "find_mle_parameters" 
"*" "parameter_score" "<Anonymous>" "mapply" "Map" "find_mle_parameters" 
"*" "parameter_score" "<Anonymous>" "mapply" "Map" "find_mle_parameters" 
"*" "S_matrix_function" "<Anonymous>" "mapply" "Map" "find_mle_parameters" 
"base::chol2inv" "chol2inv" "chol2inv" "<Anonymous>" "mapply" "Map" "find_mle_parameters" 
"*" "S_matrix_function" "<Anonymous>" "mapply" "Map" "find_mle_parameters" 
"*" "parameter_score" "<Anonymous>" "mapply" "Map" "find_mle_parameters" 
"*" "omega_func" "<Anonymous>" "mapply" "Map" "find_mle_parameters" 
"*" "parameter_score" "<Anonymous>" "mapply" "Map" "find_mle_parameters" 
"diag" "standardGeneric" "diag" "<Anonymous>" "mapply" "Map" "find_mle_parameters" 
"diag" "standardGeneric" "diag" "standardGeneric" "diag" "<Anonymous>" "mapply" "Map" "find_mle_parameters" 
"*" "S_matrix_function" "<Anonymous>" "mapply" "Map" "find_mle_parameters" 
"*" "S_matrix_function" "<Anonymous>" "mapply" "Map" "find_mle_parameters" 
"*" "omega_func" "<Anonymous>" "mapply" "Map" "find_mle_parameters" 
"S_matrix_function" "<Anonymous>" "mapply" "Map" "find_mle_parameters" 
"S_matrix_function" "<Anonymous>" "mapply" "Map" "find_mle_parameters" 
"%*%" "FUN" "lapply" "multiply_list_by_matrix" "S_matrix_function" "<Anonymous>" "mapply" "Map" "find_mle_parameters" 
"sum" "S_matrix_function" "<Anonymous>" "mapply" "Map" "find_mle_parameters" 
"%*%" "FUN" "lapply" "multiply_list_by_matrix" "S_matrix_function" "<Anonymous>" "mapply" "Map" "find_mle_parameters" 
".getGeneric" "getGeneric" "as" ".M.vectorSub" "[" "[" "<Anonymous>" "mapply" "Map" "find_mle_parameters" 
"chol" "standardGeneric" "chol" "chol2inv" "<Anonymous>" "mapply" "Map" "find_mle_parameters" 
"base::chol2inv" "chol2inv" "chol2inv" "<Anonymous>" "mapply" "Map" "find_mle_parameters" 
"chol.default" "chol" "standardGeneric" "chol" "chol2inv" "<Anonymous>" "mapply" "Map" "find_mle_parameters" 
"paste" ".sigLabel" ".findMethodInTable" ".quickCoerceSelect" "as" ".M.vectorSub" "[" "[" "<Anonymous>" "mapply" "Map" "find_mle_parameters" 
"%*%" "FUN" "lapply" "multiply_list_by_matrix" "S_matrix_function" "<Anonymous>" "mapply" "Map" "find_mle_parameters" 
"%*%" "FUN" "lapply" "multiply_list_by_matrix" "S_matrix_function" "<Anonymous>" "mapply" "Map" "find_mle_parameters" 
"%*%" "FUN" "lapply" "multiply_list_by_matrix" "S_matrix_function" "<Anonymous>" "mapply" "Map" "find_mle_parameters" 
"S_matrix_function" "<Anonymous>" "mapply" "Map" "find_mle_parameters" 
"*" "omega_func" "<Anonymous>" "mapply" "Map" "find_mle_parameters" 
".getMethodsTable" "as" ".M.vectorSub" "[" "[" "<Anonymous>" "mapply" "Map" "find_mle_parameters" 
"%*%" "FUN" "lapply" "multiply_list_by_matrix" "S_matrix_function" "<Anonymous>" "mapply" "Map" "find_mle_parameters" 
"*" "S_matrix_function" "<Anonymous>" "mapply" "Map" "find_mle_parameters" 
"validityMethod" "isTRUE" "anyStrings" "validObject" ".nextMethod" "callNextMethod" "initialize" "initialize" "new" "+" "+" "+" "find_mle_parameters" 
"*" "omega_func" "<Anonymous>" "mapply" "Map" "find_mle_parameters" 
"as" ".M.vectorSub" "[" "[" "<Anonymous>" "mapply" "Map" "find_mle_parameters" 
"%*%" "FUN" "lapply" "multiply_list_by_matrix" "S_matrix_function" "<Anonymous>" "mapply" "Map" "find_mle_parameters" 
"%*%" "FUN" "lapply" "multiply_list_by_matrix" "S_matrix_function" "<Anonymous>" "mapply" "Map" "find_mle_parameters" 
"%*%" "FUN" "lapply" "multiply_list_by_matrix" "S_matrix_function" "<Anonymous>" "mapply" "Map" "find_mle_parameters" 
"%*%" "FUN" "lapply" "multiply_list_by_matrix" "S_matrix_function" "<Anonymous>" "mapply" "Map" "find_mle_parameters" 
"[" "<Anonymous>" "mapply" "Map" "find_mle_parameters" 
"is" ".findMethodInTable" ".quickCoerceSelect" "as" ".M.vectorSub" "[" "[" "<Anonymous>" "mapply" "Map" "find_mle_parameters" 
"<" "<Anonymous>" "mapply" "Map" "find_mle_parameters" 
"*" "omega_func" "<Anonymous>" "mapply" "Map" "find_mle_parameters" 
"*" "S_matrix_function" "<Anonymous>" "mapply" "Map" "find_mle_parameters" 
"exists" ".getMethodsTable" "as" ".M.vectorSub" "[" "[" "<Anonymous>" "mapply" "Map" "find_mle_parameters" 
"as" ".M.vectorSub" "[" "[" "<Anonymous>" "mapply" "Map" "find_mle_parameters" 
"*" "parameter_score" "<Anonymous>" "mapply" "Map" "find_mle_parameters" 
"diag" "standardGeneric" "diag" "standardGeneric" "diag" "<Anonymous>" "mapply" "Map" "find_mle_parameters" 
"%*%" "FUN" "lapply" "multiply_list_by_matrix" "S_matrix_function" "<Anonymous>" "mapply" "Map" "find_mle_parameters" 
"vapply" "diag" "standardGeneric" "diag" "<Anonymous>" "mapply" "Map" "find_mle_parameters" 
"*" "omega_func" "<Anonymous>" "mapply" "Map" "find_mle_parameters" 
"chol2inv" "chol2inv" "<Anonymous>" "mapply" "Map" "find_mle_parameters" 
"%*%" "FUN" "lapply" "multiply_list_by_matrix" "S_matrix_function" "<Anonymous>" "mapply" "Map" "find_mle_parameters" 
"dim" "dim" ".M.vectorSub" "[" "[" "<Anonymous>" "mapply" "Map" "find_mle_parameters" 
"as" ".M.vectorSub" "[" "[" "<Anonymous>" "mapply" "Map" "find_mle_parameters" 
"<" "<Anonymous>" "mapply" "Map" "find_mle_parameters" 
"%*%" "FUN" "lapply" "multiply_list_by_matrix" "S_matrix_function" "<Anonymous>" "mapply" "Map" "find_mle_parameters" 
"sum" "S_matrix_function" "<Anonymous>" "mapply" "Map" "find_mle_parameters" 
"<" "<Anonymous>" "mapply" "Map" "find_mle_parameters" 
"S_matrix_function" "<Anonymous>" "mapply" "Map" "find_mle_parameters" 
"%*%" "FUN" "lapply" "multiply_list_by_matrix" "S_matrix_function" "<Anonymous>" "mapply" "Map" "find_mle_parameters" 
"<" "<Anonymous>" "mapply" "Map" "find_mle_parameters" 
"*" "omega_func" "<Anonymous>" "mapply" "Map" "find_mle_parameters" 
"vapply" "diag" "standardGeneric" "diag" "standardGeneric" "diag" "<Anonymous>" "mapply" "Map" "find_mle_parameters" 
"[" "<Anonymous>" "mapply" "Map" "find_mle_parameters" 
"*" "parameter_score" "<Anonymous>" "mapply" "Map" "find_mle_parameters" 
"is" ".findMethodInTable" ".quickCoerceSelect" "as" ".M.vectorSub" "[" "[" "<Anonymous>" "mapply" "Map" "find_mle_parameters" 
"list" "<Anonymous>" "mapply" "Map" "find_mle_parameters" 
"*" "<Anonymous>" "mapply" "Map" "find_mle_parameters" 
"as" ".M.vectorSub" "[" "[" "<Anonymous>" "mapply" "Map" "find_mle_parameters" 
"%*%" "FUN" "lapply" "multiply_list_by_matrix" "S_matrix_function" "<Anonymous>" "mapply" "Map" "find_mle_parameters" 
"%*%" "FUN" "lapply" "multiply_list_by_matrix" "S_matrix_function" "<Anonymous>" "mapply" "Map" "find_mle_parameters" 
"chol.default" "chol" "standardGeneric" "chol" "chol2inv" "<Anonymous>" "mapply" "Map" "find_mle_parameters" 
"*" "parameter_score" "<Anonymous>" "mapply" "Map" "find_mle_parameters" 
"<Anonymous>" "mapply" "Map" "find_mle_parameters" 
"diag" "standardGeneric" "diag" "<Anonymous>" "mapply" "Map" "find_mle_parameters" 
"prod" "length" "length" "length" "[" "<Anonymous>" "mapply" "Map" "find_mle_parameters" 
"%*%" "FUN" "lapply" "multiply_list_by_matrix" "S_matrix_function" "<Anonymous>" "mapply" "Map" "find_mle_parameters" 
"%*%" "FUN" "lapply" "multiply_list_by_matrix" "S_matrix_function" "<Anonymous>" "mapply" "Map" "find_mle_parameters" 
"*" "omega_func" "<Anonymous>" "mapply" "Map" "find_mle_parameters" 
"*" "S_matrix_function" "<Anonymous>" "mapply" "Map" "find_mle_parameters" 
"%*%" "FUN" "lapply" "multiply_list_by_matrix" "S_matrix_function" "<Anonymous>" "mapply" "Map" "find_mle_parameters" 
"standardGeneric" "diag" "<Anonymous>" "mapply" "Map" "find_mle_parameters" 
"base::chol2inv" "chol2inv" "chol2inv" "<Anonymous>" "mapply" "Map" "find_mle_parameters" 
".M.vectorSub" "[" "[" "<Anonymous>" "mapply" "Map" "find_mle_parameters" 
".getGeneric" "getGeneric" "as" ".M.vectorSub" "[" "[" "<Anonymous>" "mapply" "Map" "find_mle_parameters" 
"[" "<Anonymous>" "mapply" "Map" "find_mle_parameters" 
"S_matrix_function" "<Anonymous>" "mapply" "Map" "find_mle_parameters" 
"S_matrix_function" "<Anonymous>" "mapply" "Map" "find_mle_parameters" 
"standardGeneric" "diag" "standardGeneric" "diag" "<Anonymous>" "mapply" "Map" "find_mle_parameters" 
"%in%" ".getGeneric" "getGeneric" "as" ".M.vectorSub" "[" "[" "<Anonymous>" "mapply" "Map" "find_mle_parameters" 
"%*%" "FUN" "lapply" "multiply_list_by_matrix" "S_matrix_function" "<Anonymous>" "mapply" "Map" "find_mle_parameters" 
"is" ".findMethodInTable" ".quickCoerceSelect" "as" ".M.vectorSub" "[" "[" "<Anonymous>" "mapply" "Map" "find_mle_parameters" 
"<Anonymous>" "mapply" "Map" "find_mle_parameters" 
"%*%" "FUN" "lapply" "multiply_list_by_matrix" "S_matrix_function" "<Anonymous>" "mapply" "Map" "find_mle_parameters" 
"base::crossprod" "crossprod" "crossprod" "parameter_score" "<Anonymous>" "mapply" "Map" "find_mle_parameters" 
"parameter_score" "<Anonymous>" "mapply" "Map" "find_mle_parameters" 
"sum" "S_matrix_function" "<Anonymous>" "mapply" "Map" "find_mle_parameters" 
"%*%" "FUN" "lapply" "multiply_list_by_matrix" "S_matrix_function" "<Anonymous>" "mapply" "Map" "find_mle_parameters" 
"%*%" "FUN" "lapply" "multiply_list_by_matrix" "S_matrix_function" "<Anonymous>" "mapply" "Map" "find_mle_parameters" 
".findMethodInTable" ".quickCoerceSelect" "as" ".M.vectorSub" "[" "[" "<Anonymous>" "mapply" "Map" "find_mle_parameters" 
"%*%" "FUN" "lapply" "multiply_list_by_matrix" "S_matrix_function" "<Anonymous>" "mapply" "Map" "find_mle_parameters" 
"%*%" "FUN" "lapply" "multiply_list_by_matrix" "S_matrix_function" "<Anonymous>" "mapply" "Map" "find_mle_parameters" 
"chol.default" "chol" "standardGeneric" "chol" "chol2inv" "<Anonymous>" "mapply" "Map" "find_mle_parameters" 
"is" ".findMethodInTable" ".quickCoerceSelect" "as" ".M.vectorSub" "[" "[" "<Anonymous>" "mapply" "Map" "find_mle_parameters" 
"*" "<Anonymous>" "mapply" "Map" "find_mle_parameters" 
"diag" "standardGeneric" "diag" "<Anonymous>" "mapply" "Map" "find_mle_parameters" 
"%*%" "FUN" "lapply" "multiply_list_by_matrix" "S_matrix_function" "<Anonymous>" "mapply" "Map" "find_mle_parameters" 
"%*%" "FUN" "lapply" "multiply_list_by_matrix" "S_matrix_function" "<Anonymous>" "mapply" "Map" "find_mle_parameters" 
"base::chol2inv" "chol2inv" "chol2inv" "<Anonymous>" "mapply" "Map" "find_mle_parameters" 
"*" "omega_func" "<Anonymous>" "mapply" "Map" "find_mle_parameters" 
"%*%" "FUN" "lapply" "multiply_list_by_matrix" "S_matrix_function" "<Anonymous>" "mapply" "Map" "find_mle_parameters" 
"<Anonymous>" "mapply" "Map" "find_mle_parameters" 
"%*%" "FUN" "lapply" "multiply_list_by_matrix" "S_matrix_function" "<Anonymous>" "mapply" "Map" "find_mle_parameters" 
"is" ".findMethodInTable" ".quickCoerceSelect" "as" ".M.vectorSub" "[" "[" "<Anonymous>" "mapply" "Map" "find_mle_parameters" 
"%*%" "FUN" "lapply" "multiply_list_by_matrix" "S_matrix_function" "<Anonymous>" "mapply" "Map" "find_mle_parameters" 
"%*%" "FUN" "lapply" "multiply_list_by_matrix" "S_matrix_function" "<Anonymous>" "mapply" "Map" "find_mle_parameters" 
".getMethodsTable" "as" ".M.vectorSub" "[" "[" "<Anonymous>" "mapply" "Map" "find_mle_parameters" 
"S_matrix_function" "<Anonymous>" "mapply" "Map" "find_mle_parameters" 
"%in%" ".getGeneric" "getGeneric" "as" ".M.vectorSub" "[" "[" "<Anonymous>" "mapply" "Map" "find_mle_parameters" 
"crossprod" "<Anonymous>" "mapply" "Map" "find_mle_parameters" 
"as" ".M.vectorSub" "[" "[" "<Anonymous>" "mapply" "Map" "find_mle_parameters" 
"as" ".M.vectorSub" "[" "[" "<Anonymous>" "mapply" "Map" "find_mle_parameters" 
"%*%" "FUN" "lapply" "multiply_list_by_matrix" "S_matrix_function" "<Anonymous>" "mapply" "Map" "find_mle_parameters" 
".getMethodsTable" "as" ".M.vectorSub" "[" "[" "<Anonymous>" "mapply" "Map" "find_mle_parameters" 
"%*%" "FUN" "lapply" "multiply_list_by_matrix" "S_matrix_function" "<Anonymous>" "mapply" "Map" "find_mle_parameters" 
".getGeneric" "getGeneric" "as" ".M.vectorSub" "[" "[" "<Anonymous>" "mapply" "Map" "find_mle_parameters" 
"parameter_score" "<Anonymous>" "mapply" "Map" "find_mle_parameters" 
"*" "parameter_score" "<Anonymous>" "mapply" "Map" "find_mle_parameters" 
"*" "S_matrix_function" "<Anonymous>" "mapply" "Map" "find_mle_parameters" 
"%*%" "FUN" "lapply" "multiply_list_by_matrix" "S_matrix_function" "<Anonymous>" "mapply" "Map" "find_mle_parameters" 
"is" ".findMethodInTable" ".quickCoerceSelect" "as" ".M.vectorSub" "[" "[" "<Anonymous>" "mapply" "Map" "find_mle_parameters" 
"%*%" "FUN" "lapply" "multiply_list_by_matrix" "S_matrix_function" "<Anonymous>" "mapply" "Map" "find_mle_parameters" 
"getGeneric" "as" ".M.vectorSub" "[" "[" "<Anonymous>" "mapply" "Map" "find_mle_parameters" 
"%*%" "FUN" "lapply" "multiply_list_by_matrix" "S_matrix_function" "<Anonymous>" "mapply" "Map" "find_mle_parameters" 
"*" "S_matrix_function" "<Anonymous>" "mapply" "Map" "find_mle_parameters" 
"<Anonymous>" "mapply" "Map" "find_mle_parameters" 
".quickCoerceSelect" "as" ".M.vectorSub" "[" "[" "<Anonymous>" "mapply" "Map" "find_mle_parameters" 
"%*%" "FUN" "lapply" "multiply_list_by_matrix" "S_matrix_function" "<Anonymous>" "mapply" "Map" "find_mle_parameters" 
"%*%" "FUN" "lapply" "multiply_list_by_matrix" "S_matrix_function" "<Anonymous>" "mapply" "Map" "find_mle_parameters" 
"%*%" "FUN" "lapply" "multiply_list_by_matrix" "S_matrix_function" "<Anonymous>" "mapply" "Map" "find_mle_parameters" 
"crossprod" "parameter_score" "<Anonymous>" "mapply" "Map" "find_mle_parameters" 
"get" ".getMethodsTable" "as" ".M.vectorSub" "[" "[" "<Anonymous>" "mapply" "Map" "find_mle_parameters" 
"<Anonymous>" "mapply" "Map" "find_mle_parameters" 
"%*%" "FUN" "lapply" "multiply_list_by_matrix" "S_matrix_function" "<Anonymous>" "mapply" "Map" "find_mle_parameters" 
"base::crossprod" "crossprod" "crossprod" "parameter_score" "<Anonymous>" "mapply" "Map" "find_mle_parameters" 
"standardGeneric" "diag" "<Anonymous>" "mapply" "Map" "find_mle_parameters" 
"[" "[" "<Anonymous>" "mapply" "Map" "find_mle_parameters" 
"*" "S_matrix_function" "<Anonymous>" "mapply" "Map" "find_mle_parameters" 
"crossprod" "parameter_score" "<Anonymous>" "mapply" "Map" "find_mle_parameters" 
"find_mle_parameters" 
"base::crossprod" "crossprod" "crossprod" "parameter_score" "<Anonymous>" "mapply" "Map" "find_mle_parameters" 
"chol" "standardGeneric" "chol" "chol2inv" "<Anonymous>" "mapply" "Map" "find_mle_parameters" 
"%*%" "FUN" "lapply" "multiply_list_by_matrix" "S_matrix_function" "<Anonymous>" "mapply" "Map" "find_mle_parameters" 
"base::chol2inv" "chol2inv" "chol2inv" "<Anonymous>" "mapply" "Map" "find_mle_parameters" 
"<Anonymous>" "mapply" "Map" "find_mle_parameters" 
"vapply" "diag" "standardGeneric" "diag" "<Anonymous>" "mapply" "Map" "find_mle_parameters" 
"diag" "standardGeneric" "diag" "<Anonymous>" "mapply" "Map" "find_mle_parameters" 
"base::chol2inv" "chol2inv" "chol2inv" "<Anonymous>" "mapply" "Map" "find_mle_parameters" 
"*" "parameter_score" "<Anonymous>" "mapply" "Map" "find_mle_parameters" 
"base::crossprod" "crossprod" "crossprod" "parameter_score" "<Anonymous>" "mapply" "Map" "find_mle_parameters" 
"chol.default" "chol" "standardGeneric" "chol" "chol2inv" "<Anonymous>" "mapply" "Map" "find_mle_parameters" 
"getClassDef" "is" ".findMethodInTable" ".quickCoerceSelect" "as" ".M.vectorSub" "[" "[" "<Anonymous>" "mapply" "Map" "find_mle_parameters" 
"base::chol2inv" "chol2inv" "chol2inv" "<Anonymous>" "mapply" "Map" "find_mle_parameters" 
"paste" ".sigLabel" ".findMethodInTable" ".quickCoerceSelect" "as" ".M.vectorSub" "[" "[" "<Anonymous>" "mapply" "Map" "find_mle_parameters" 
"%*%" "FUN" "lapply" "multiply_list_by_matrix" "S_matrix_function" "<Anonymous>" "mapply" "Map" "find_mle_parameters" 
"base::chol2inv" "chol2inv" "chol2inv" "<Anonymous>" "mapply" "Map" "find_mle_parameters" 
"%*%" "FUN" "lapply" "multiply_list_by_matrix" "S_matrix_function" "<Anonymous>" "mapply" "Map" "find_mle_parameters" 
"%*%" "FUN" "lapply" "multiply_list_by_matrix" "S_matrix_function" "<Anonymous>" "mapply" "Map" "find_mle_parameters" 
"mapply" "Map" "find_mle_parameters" 
"as" ".M.vectorSub" "[" "[" "<Anonymous>" "mapply" "Map" "find_mle_parameters" 
"%*%" "FUN" "lapply" "multiply_list_by_matrix" "S_matrix_function" "<Anonymous>" "mapply" "Map" "find_mle_parameters" 
"getOption" "Matrix.msg" "[" "[" "<Anonymous>" "mapply" "Map" "find_mle_parameters" 
"*" "<Anonymous>" "mapply" "Map" "find_mle_parameters" 
"%*%" "FUN" "lapply" "multiply_list_by_matrix" "S_matrix_function" "<Anonymous>" "mapply" "Map" "find_mle_parameters" 
"%*%" "FUN" "lapply" "multiply_list_by_matrix" "S_matrix_function" "<Anonymous>" "mapply" "Map" "find_mle_parameters" 
"crossprod" "parameter_score" "<Anonymous>" "mapply" "Map" "find_mle_parameters" 
"sum" "parameter_score" "<Anonymous>" "mapply" "Map" "find_mle_parameters" 
"exists" ".getMethodsTable" "as" ".M.vectorSub" "[" "[" "<Anonymous>" "mapply" "Map" "find_mle_parameters" 
"*" "parameter_score" "<Anonymous>" "mapply" "Map" "find_mle_parameters" 
"[" "<Anonymous>" "mapply" "Map" "find_mle_parameters" 
"<" "<Anonymous>" "mapply" "Map" "find_mle_parameters" 
"%*%" "FUN" "lapply" "multiply_list_by_matrix" "S_matrix_function" "<Anonymous>" "mapply" "Map" "find_mle_parameters" 
"is" ".findMethodInTable" ".quickCoerceSelect" "as" ".M.vectorSub" "[" "[" "<Anonymous>" "mapply" "Map" "find_mle_parameters" 
"<Anonymous>" "mapply" "Map" "find_mle_parameters" 
"sum" "S_matrix_function" "<Anonymous>" "mapply" "Map" "find_mle_parameters" 
"lapply" "multiply_list_by_matrix" "S_matrix_function" "<Anonymous>" "mapply" "Map" "find_mle_parameters" 
"%*%" "FUN" "lapply" "multiply_list_by_matrix" "S_matrix_function" "<Anonymous>" "mapply" "Map" "find_mle_parameters" 
"getOption" "Matrix.msg" "[" "[" "<Anonymous>" "mapply" "Map" "find_mle_parameters" 
"base::chol2inv" "chol2inv" "chol2inv" "<Anonymous>" "mapply" "Map" "find_mle_parameters" 
"dim" "dim" ".M.vectorSub" "[" "[" "<Anonymous>" "mapply" "Map" "find_mle_parameters" 
".getClassesFromCache" "getClassDef" "is" ".findMethodInTable" ".quickCoerceSelect" "as" ".M.vectorSub" "[" "[" "<Anonymous>" "mapply" "Map" "find_mle_parameters" 
"*" "omega_func" "<Anonymous>" "mapply" "Map" "find_mle_parameters" 
"*" "S_matrix_function" "<Anonymous>" "mapply" "Map" "find_mle_parameters" 
"sum" "S_matrix_function" "<Anonymous>" "mapply" "Map" "find_mle_parameters" 
"diag" "<Anonymous>" "mapply" "Map" "find_mle_parameters" 
"[" "<Anonymous>" "mapply" "Map" "find_mle_parameters" 
"standardGeneric" "diag" "<Anonymous>" "mapply" "Map" "find_mle_parameters" 
".findMethodInTable" ".quickCoerceSelect" "as" ".M.vectorSub" "[" "[" "<Anonymous>" "mapply" "Map" "find_mle_parameters" 
"<Anonymous>" "mapply" "Map" "find_mle_parameters" 
"chol" "chol2inv" "<Anonymous>" "mapply" "Map" "find_mle_parameters" 
"%*%" "FUN" "lapply" "multiply_list_by_matrix" "S_matrix_function" "<Anonymous>" "mapply" "Map" "find_mle_parameters" 
"getGeneric" "as" ".M.vectorSub" "[" "[" "<Anonymous>" "mapply" "Map" "find_mle_parameters" 
"sum" "S_matrix_function" "<Anonymous>" "mapply" "Map" "find_mle_parameters" 
"crossprod" "parameter_score" "<Anonymous>" "mapply" "Map" "find_mle_parameters" 
"[" "[" "<Anonymous>" "mapply" "Map" "find_mle_parameters" 
"%*%" "FUN" "lapply" "multiply_list_by_matrix" "S_matrix_function" "<Anonymous>" "mapply" "Map" "find_mle_parameters" 
"%*%" "FUN" "lapply" "multiply_list_by_matrix" "S_matrix_function" "<Anonymous>" "mapply" "Map" "find_mle_parameters" 
"standardGeneric" "diag" "<Anonymous>" "mapply" "Map" "find_mle_parameters" 
"base::chol2inv" "chol2inv" "chol2inv" "<Anonymous>" "mapply" "Map" "find_mle_parameters" 
"dim" "length" "length" "length" "[" "<Anonymous>" "mapply" "Map" "find_mle_parameters" 
"+" "omega_func" "<Anonymous>" "mapply" "Map" "find_mle_parameters" 
"%*%" "FUN" "lapply" "multiply_list_by_matrix" "S_matrix_function" "<Anonymous>" "mapply" "Map" "find_mle_parameters" 
"<Anonymous>" "mapply" "Map" "find_mle_parameters" 
"lapply" "multiply_list_by_matrix" "S_matrix_function" "<Anonymous>" "mapply" "Map" "find_mle_parameters" 
"%*%" "FUN" "lapply" "multiply_list_by_matrix" "S_matrix_function" "<Anonymous>" "mapply" "Map" "find_mle_parameters" 
"%*%" "FUN" "lapply" "multiply_list_by_matrix" "S_matrix_function" "<Anonymous>" "mapply" "Map" "find_mle_parameters" 
"FUN" "vapply" "diag" "standardGeneric" "diag" "standardGeneric" "diag" "<Anonymous>" "mapply" "Map" "find_mle_parameters" 
"as" ".M.vectorSub" "[" "[" "<Anonymous>" "mapply" "Map" "find_mle_parameters" 
"lapply" "multiply_list_by_matrix" "S_matrix_function" "<Anonymous>" "mapply" "Map" "find_mle_parameters" 
"%*%" "FUN" "lapply" "multiply_list_by_matrix" "S_matrix_function" "<Anonymous>" "mapply" "Map" "find_mle_parameters" 
"sum" "S_matrix_function" "<Anonymous>" "mapply" "Map" "find_mle_parameters" 
"*" "omega_func" "<Anonymous>" "mapply" "Map" "find_mle_parameters" 
"dim" "dim" "length" "length" "length" "[" "<Anonymous>" "mapply" "Map" "find_mle_parameters" 
"S_matrix_function" "<Anonymous>" "mapply" "Map" "find_mle_parameters" 
".M.vectorSub" "[" "[" "<Anonymous>" "mapply" "Map" "find_mle_parameters" 
"base::crossprod" "crossprod" "crossprod" "parameter_score" "<Anonymous>" "mapply" "Map" "find_mle_parameters" 
"%*%" "FUN" "lapply" "multiply_list_by_matrix" "S_matrix_function" "<Anonymous>" "mapply" "Map" "find_mle_parameters" 
"%*%" "FUN" "lapply" "multiply_list_by_matrix" "S_matrix_function" "<Anonymous>" "mapply" "Map" "find_mle_parameters" 
"%*%" "FUN" "lapply" "multiply_list_by_matrix" "S_matrix_function" "<Anonymous>" "mapply" "Map" "find_mle_parameters" 
"%*%" "FUN" "lapply" "multiply_list_by_matrix" "S_matrix_function" "<Anonymous>" "mapply" "Map" "find_mle_parameters" 
"%*%" "FUN" "lapply" "multiply_list_by_matrix" "S_matrix_function" "<Anonymous>" "mapply" "Map" "find_mle_parameters" 
"chol" "standardGeneric" "chol" "chol2inv" "<Anonymous>" "mapply" "Map" "find_mle_parameters" 
"%*%" "FUN" "lapply" "multiply_list_by_matrix" "S_matrix_function" "<Anonymous>" "mapply" "Map" "find_mle_parameters" 
"as" ".M.vectorSub" "[" "[" "<Anonymous>" "mapply" "Map" "find_mle_parameters" 
"get" ".getMethodsTable" "as" ".M.vectorSub" "[" "[" "<Anonymous>" "mapply" "Map" "find_mle_parameters" 
"<Anonymous>" "mapply" "Map" "find_mle_parameters" 
"%*%" "FUN" "lapply" "multiply_list_by_matrix" "S_matrix_function" "<Anonymous>" "mapply" "Map" "find_mle_parameters" 
"paste" ".sigLabel" ".findMethodInTable" ".quickCoerceSelect" "as" ".M.vectorSub" "[" "[" "<Anonymous>" "mapply" "Map" "find_mle_parameters" 
"matrix" "S_matrix_function" "<Anonymous>" "mapply" "Map" "find_mle_parameters" 
"base::chol2inv" "chol2inv" "chol2inv" "<Anonymous>" "mapply" "Map" "find_mle_parameters" 
".sigLabel" ".findMethodInTable" ".quickCoerceSelect" "as" ".M.vectorSub" "[" "[" "<Anonymous>" "mapply" "Map" "find_mle_parameters" 
"find_mle_parameters" 
"%*%" "FUN" "lapply" "multiply_list_by_matrix" "S_matrix_function" "<Anonymous>" "mapply" "Map" "find_mle_parameters" 
"*" "omega_func" "<Anonymous>" "mapply" "Map" "find_mle_parameters" 
"array" "asMethod" "as" ".M.vectorSub" "[" "[" "<Anonymous>" "mapply" "Map" "find_mle_parameters" 
"[" "<Anonymous>" "mapply" "Map" "find_mle_parameters" 
"%*%" "FUN" "lapply" "multiply_list_by_matrix" "S_matrix_function" "<Anonymous>" "mapply" "Map" "find_mle_parameters" 
"*" "S_matrix_function" "<Anonymous>" "mapply" "Map" "find_mle_parameters" 
"is.environment" ".requirePackage" ".classEnv" "as" ".M.vectorSub" "[" "[" "<Anonymous>" "mapply" "Map" "find_mle_parameters" 
"chol" "standardGeneric" "chol" "chol2inv" "<Anonymous>" "mapply" "Map" "find_mle_parameters" 
"dim" "dim" "length" "length" "length" "[" "<Anonymous>" "mapply" "Map" "find_mle_parameters" 
"diag" "standardGeneric" "diag" "<Anonymous>" "mapply" "Map" "find_mle_parameters" 
"standardGeneric" "chol" "chol2inv" "<Anonymous>" "mapply" "Map" "find_mle_parameters" 
"base::chol2inv" "chol2inv" "chol2inv" "<Anonymous>" "mapply" "Map" "find_mle_parameters" 
"%*%" "FUN" "lapply" "multiply_list_by_matrix" "S_matrix_function" "<Anonymous>" "mapply" "Map" "find_mle_parameters" 
"is" ".findMethodInTable" ".quickCoerceSelect" "as" ".M.vectorSub" "[" "[" "<Anonymous>" "mapply" "Map" "find_mle_parameters" 
"%*%" "FUN" "lapply" "multiply_list_by_matrix" "S_matrix_function" "<Anonymous>" "mapply" "Map" "find_mle_parameters" 
"parameter_score" "<Anonymous>" "mapply" "Map" "find_mle_parameters" 
"<" "<Anonymous>" "mapply" "Map" "find_mle_parameters" 
"diag" "standardGeneric" "diag" "standardGeneric" "diag" "<Anonymous>" "mapply" "Map" "find_mle_parameters" 
"diag" "standardGeneric" "diag" "standardGeneric" "diag" "<Anonymous>" "mapply" "Map" "find_mle_parameters" 
"-" "chol.default" "chol" "standardGeneric" "chol" "chol2inv" "<Anonymous>" "mapply" "Map" "find_mle_parameters" 
"sum" "S_matrix_function" "<Anonymous>" "mapply" "Map" "find_mle_parameters" 
"%*%" "FUN" "lapply" "multiply_list_by_matrix" "S_matrix_function" "<Anonymous>" "mapply" "Map" "find_mle_parameters" 
"%*%" "FUN" "lapply" "multiply_list_by_matrix" "S_matrix_function" "<Anonymous>" "mapply" "Map" "find_mle_parameters" 
"list" "<Anonymous>" "mapply" "Map" "find_mle_parameters" 
"*" "S_matrix_function" "<Anonymous>" "mapply" "Map" "find_mle_parameters" 
"omega_func" "<Anonymous>" "mapply" "Map" "find_mle_parameters" 
"crossprod" "parameter_score" "<Anonymous>" "mapply" "Map" "find_mle_parameters" 
"parameter_score" "<Anonymous>" "mapply" "Map" "find_mle_parameters" 
"ncol" "[" "<Anonymous>" "mapply" "Map" "find_mle_parameters" 
"%*%" "FUN" "lapply" "multiply_list_by_matrix" "S_matrix_function" "<Anonymous>" "mapply" "Map" "find_mle_parameters" 
"crossprod" "<Anonymous>" "mapply" "Map" "find_mle_parameters" 
"dim" "dim" ".M.vectorSub" "[" "[" "<Anonymous>" "mapply" "Map" "find_mle_parameters" 
"%*%" "FUN" "lapply" "multiply_list_by_matrix" "S_matrix_function" "<Anonymous>" "mapply" "Map" "find_mle_parameters" 
"%*%" "FUN" "lapply" "multiply_list_by_matrix" "S_matrix_function" "<Anonymous>" "mapply" "Map" "find_mle_parameters" 
"get" ".getMethodsTable" "as" ".M.vectorSub" "[" "[" "<Anonymous>" "mapply" "Map" "find_mle_parameters" 
"S_matrix_function" "<Anonymous>" "mapply" "Map" "find_mle_parameters" 
".M.vectorSub" "[" "[" "<Anonymous>" "mapply" "Map" "find_mle_parameters" 
"base::chol2inv" "chol2inv" "chol2inv" "<Anonymous>" "mapply" "Map" "find_mle_parameters" 
"exists" ".getMethodsTable" "as" ".M.vectorSub" "[" "[" "<Anonymous>" "mapply" "Map" "find_mle_parameters" 
"lapply" "multiply_list_by_matrix" "S_matrix_function" "<Anonymous>" "mapply" "Map" "find_mle_parameters" 
"getOption" "Matrix.msg" "[" "[" "<Anonymous>" "mapply" "Map" "find_mle_parameters" 
"%*%" "FUN" "lapply" "multiply_list_by_matrix" "S_matrix_function" "<Anonymous>" "mapply" "Map" "find_mle_parameters" 
"length" "length" "length" "[" "<Anonymous>" "mapply" "Map" "find_mle_parameters" 
"base::chol2inv" "chol2inv" "chol2inv" "<Anonymous>" "mapply" "Map" "find_mle_parameters" 
"chol.default" "chol" "standardGeneric" "chol" "chol2inv" "<Anonymous>" "mapply" "Map" "find_mle_parameters" 
"as.logical" ".M.vectorSub" "[" "[" "<Anonymous>" "mapply" "Map" "find_mle_parameters" 
"chol.default" "chol" "standardGeneric" "chol" "chol2inv" "<Anonymous>" "mapply" "Map" "find_mle_parameters" 
"*" "omega_func" "<Anonymous>" "mapply" "Map" "find_mle_parameters" 
"is" ".findMethodInTable" ".quickCoerceSelect" "as" ".M.vectorSub" "[" "[" "<Anonymous>" "mapply" "Map" "find_mle_parameters" 
"*" "omega_func" "<Anonymous>" "mapply" "Map" "find_mle_parameters" 
"%*%" "FUN" "lapply" "multiply_list_by_matrix" "S_matrix_function" "<Anonymous>" "mapply" "Map" "find_mle_parameters" 
"matrix" "S_matrix_function" "<Anonymous>" "mapply" "Map" "find_mle_parameters" 
"%*%" "FUN" "lapply" "multiply_list_by_matrix" "S_matrix_function" "<Anonymous>" "mapply" "Map" "find_mle_parameters" 
"base::chol2inv" "chol2inv" "chol2inv" "<Anonymous>" "mapply" "Map" "find_mle_parameters" 
"crossprod" "parameter_score" "<Anonymous>" "mapply" "Map" "find_mle_parameters" 
"diag" "standardGeneric" "diag" "<Anonymous>" "mapply" "Map" "find_mle_parameters" 
"%*%" "FUN" "lapply" "multiply_list_by_matrix" "S_matrix_function" "<Anonymous>" "mapply" "Map" "find_mle_parameters" 
"%*%" "FUN" "lapply" "multiply_list_by_matrix" "S_matrix_function" "<Anonymous>" "mapply" "Map" "find_mle_parameters" 
"S_matrix_function" "<Anonymous>" "mapply" "Map" "find_mle_parameters" 
"%*%" "FUN" "lapply" "multiply_list_by_matrix" "S_matrix_function" "<Anonymous>" "mapply" "Map" "find_mle_parameters" 
"S_matrix_function" "<Anonymous>" "mapply" "Map" "find_mle_parameters" 
"+" "<Anonymous>" "mapply" "Map" "find_mle_parameters" 
"%*%" "FUN" "lapply" "multiply_list_by_matrix" "S_matrix_function" "<Anonymous>" "mapply" "Map" "find_mle_parameters" 
"S_matrix_function" "<Anonymous>" "mapply" "Map" "find_mle_parameters" 
"%*%" "FUN" "lapply" "multiply_list_by_matrix" "S_matrix_function" "<Anonymous>" "mapply" "Map" "find_mle_parameters" 
"S_matrix_function" "<Anonymous>" "mapply" "Map" "find_mle_parameters" 
"array" "asMethod" "as" ".M.vectorSub" "[" "[" "<Anonymous>" "mapply" "Map" "find_mle_parameters" 
"as" ".M.vectorSub" "[" "[" "<Anonymous>" "mapply" "Map" "find_mle_parameters" 
"*" "S_matrix_function" "<Anonymous>" "mapply" "Map" "find_mle_parameters" 
"*" "S_matrix_function" "<Anonymous>" "mapply" "Map" "find_mle_parameters" 
".identC" "is" ".findMethodInTable" ".quickCoerceSelect" "as" ".M.vectorSub" "[" "[" "<Anonymous>" "mapply" "Map" "find_mle_parameters" 
"residual_function" "<Anonymous>" "mapply" "Map" "find_mle_parameters" 
"standardGeneric" "diag" "<Anonymous>" "mapply" "Map" "find_mle_parameters" 
"%*%" "FUN" "lapply" "multiply_list_by_matrix" "S_matrix_function" "<Anonymous>" "mapply" "Map" "find_mle_parameters" 
"packageSlot" ".classEnv" "as" ".M.vectorSub" "[" "[" "<Anonymous>" "mapply" "Map" "find_mle_parameters" 
"diag" "standardGeneric" "diag" "standardGeneric" "diag" "<Anonymous>" "mapply" "Map" "find_mle_parameters" 
"%*%" "FUN" "lapply" "multiply_list_by_matrix" "S_matrix_function" "<Anonymous>" "mapply" "Map" "find_mle_parameters" 
"%*%" "FUN" "lapply" "multiply_list_by_matrix" "S_matrix_function" "<Anonymous>" "mapply" "Map" "find_mle_parameters" 
"dim" "dim" ".M.vectorSub" "[" "[" "<Anonymous>" "mapply" "Map" "find_mle_parameters" 
"dim" "ncol" "[" "<Anonymous>" "mapply" "Map" "find_mle_parameters" 
"chol.default" "chol" "standardGeneric" "chol" "chol2inv" "<Anonymous>" "mapply" "Map" "find_mle_parameters" 
"parameter_score" "<Anonymous>" "mapply" "Map" "find_mle_parameters" 
".classEnv" "as" ".M.vectorSub" "[" "[" "<Anonymous>" "mapply" "Map" "find_mle_parameters" 
"is" ".findMethodInTable" ".quickCoerceSelect" "as" ".M.vectorSub" "[" "[" "<Anonymous>" "mapply" "Map" "find_mle_parameters" 
"as" ".M.vectorSub" "[" "[" "<Anonymous>" "mapply" "Map" "find_mle_parameters" 
"%*%" "FUN" "lapply" "multiply_list_by_matrix" "S_matrix_function" "<Anonymous>" "mapply" "Map" "find_mle_parameters" 
"%*%" "FUN" "lapply" "multiply_list_by_matrix" "S_matrix_function" "<Anonymous>" "mapply" "Map" "find_mle_parameters" 
"%*%" "FUN" "lapply" "multiply_list_by_matrix" "S_matrix_function" "<Anonymous>" "mapply" "Map" "find_mle_parameters" 
"*" "S_matrix_function" "<Anonymous>" "mapply" "Map" "find_mle_parameters" 
"as" ".M.vectorSub" "[" "[" "<Anonymous>" "mapply" "Map" "find_mle_parameters" 
"%*%" "FUN" "lapply" "multiply_list_by_matrix" "S_matrix_function" "<Anonymous>" "mapply" "Map" "find_mle_parameters" 
"*" "S_matrix_function" "<Anonymous>" "mapply" "Map" "find_mle_parameters" 
"%*%" "FUN" "lapply" "multiply_list_by_matrix" "S_matrix_function" "<Anonymous>" "mapply" "Map" "find_mle_parameters" 
".getClassesFromCache" "getClassDef" "is" ".findMethodInTable" ".quickCoerceSelect" "as" ".M.vectorSub" "[" "[" "<Anonymous>" "mapply" "Map" "find_mle_parameters" 
"*" "parameter_score" "<Anonymous>" "mapply" "Map" "find_mle_parameters" 
"<Anonymous>" "mapply" "Map" "find_mle_parameters" 
".sigLabel" ".findMethodInTable" ".quickCoerceSelect" "as" ".M.vectorSub" "[" "[" "<Anonymous>" "mapply" "Map" "find_mle_parameters" 
"[" "<Anonymous>" "mapply" "Map" "find_mle_parameters" 
"%*%" "FUN" "lapply" "multiply_list_by_matrix" "S_matrix_function" "<Anonymous>" "mapply" "Map" "find_mle_parameters" 
"%*%" "FUN" "lapply" "multiply_list_by_matrix" "S_matrix_function" "<Anonymous>" "mapply" "Map" "find_mle_parameters" 
"chol.default" "chol" "standardGeneric" "chol" "chol2inv" "<Anonymous>" "mapply" "Map" "find_mle_parameters" 
"diag" "standardGeneric" "diag" "<Anonymous>" "mapply" "Map" "find_mle_parameters" 
"%*%" "FUN" "lapply" "multiply_list_by_matrix" "S_matrix_function" "<Anonymous>" "mapply" "Map" "find_mle_parameters" 
"omega_func" "<Anonymous>" "mapply" "Map" "find_mle_parameters" 
"is" ".findMethodInTable" ".quickCoerceSelect" "as" ".M.vectorSub" "[" "[" "<Anonymous>" "mapply" "Map" "find_mle_parameters" 
"*" "parameter_score" "<Anonymous>" "mapply" "Map" "find_mle_parameters" 
"%*%" "FUN" "lapply" "multiply_list_by_matrix" "S_matrix_function" "<Anonymous>" "mapply" "Map" "find_mle_parameters" 
"%*%" "FUN" "lapply" "multiply_list_by_matrix" "S_matrix_function" "<Anonymous>" "mapply" "Map" "find_mle_parameters" 
"sum" "S_matrix_function" "<Anonymous>" "mapply" "Map" "find_mle_parameters" 
"<Anonymous>" "mapply" "Map" "find_mle_parameters" 
"is.atomic" "matrix" "S_matrix_function" "<Anonymous>" "mapply" "Map" "find_mle_parameters" 
"%*%" "FUN" "lapply" "multiply_list_by_matrix" "S_matrix_function" "<Anonymous>" "mapply" "Map" "find_mle_parameters" 
"paste" ".sigLabel" ".findMethodInTable" ".quickCoerceSelect" "as" ".M.vectorSub" "[" "[" "<Anonymous>" "mapply" "Map" "find_mle_parameters" 
"dim" "dim" ".M.vectorSub" "[" "[" "<Anonymous>" "mapply" "Map" "find_mle_parameters" 
"omega_func" "<Anonymous>" "mapply" "Map" "find_mle_parameters" 
"S_matrix_function" "<Anonymous>" "mapply" "Map" "find_mle_parameters" 
"find_mle_parameters" 
"crossprod" "parameter_score" "<Anonymous>" "mapply" "Map" "find_mle_parameters" 
".M.vectorSub" "[" "[" "<Anonymous>" "mapply" "Map" "find_mle_parameters" 
"omega_func" "<Anonymous>" "mapply" "Map" "find_mle_parameters" 
"%*%" "FUN" "lapply" "multiply_list_by_matrix" "S_matrix_function" "<Anonymous>" "mapply" "Map" "find_mle_parameters" 
"get" ".getMethodsTable" "as" ".M.vectorSub" "[" "[" "<Anonymous>" "mapply" "Map" "find_mle_parameters" 
"-" "residual_function" "<Anonymous>" "mapply" "Map" "find_mle_parameters" 
"*" "S_matrix_function" "<Anonymous>" "mapply" "Map" "find_mle_parameters" 
"base::chol2inv" "chol2inv" "chol2inv" "<Anonymous>" "mapply" "Map" "find_mle_parameters" 
"chol.default" "chol" "standardGeneric" "chol" "chol2inv" "<Anonymous>" "mapply" "Map" "find_mle_parameters" 
"base::chol2inv" "chol2inv" "chol2inv" "<Anonymous>" "mapply" "Map" "find_mle_parameters" 
"%*%" "FUN" "lapply" "multiply_list_by_matrix" "S_matrix_function" "<Anonymous>" "mapply" "Map" "find_mle_parameters" 
"chol2inv" "chol2inv" "<Anonymous>" "mapply" "Map" "find_mle_parameters" 
"%*%" "Py_func" "<Anonymous>" "mapply" "Map" "find_mle_parameters" 
"crossprod" "parameter_score" "<Anonymous>" "mapply" "Map" "find_mle_parameters" 
"base::crossprod" "crossprod" "crossprod" "parameter_score" "<Anonymous>" "mapply" "Map" "find_mle_parameters" 
"parameter_score" "<Anonymous>" "mapply" "Map" "find_mle_parameters" 
"%*%" "FUN" "lapply" "multiply_list_by_matrix" "S_matrix_function" "<Anonymous>" "mapply" "Map" "find_mle_parameters" 
"is" ".findMethodInTable" ".quickCoerceSelect" "as" ".M.vectorSub" "[" "[" "<Anonymous>" "mapply" "Map" "find_mle_parameters" 
"*" "S_matrix_function" "<Anonymous>" "mapply" "Map" "find_mle_parameters" 
"base::chol2inv" "chol2inv" "chol2inv" "<Anonymous>" "mapply" "Map" "find_mle_parameters" 
"base::crossprod" "crossprod" "crossprod" "parameter_score" "<Anonymous>" "mapply" "Map" "find_mle_parameters" 
"%*%" "FUN" "lapply" "multiply_list_by_matrix" "S_matrix_function" "<Anonymous>" "mapply" "Map" "find_mle_parameters" 
"dim" "dim" ".M.vectorSub" "[" "[" "<Anonymous>" "mapply" "Map" "find_mle_parameters" 
"multiply_list_by_matrix" "S_matrix_function" "<Anonymous>" "mapply" "Map" "find_mle_parameters" 
"*" "S_matrix_function" "<Anonymous>" "mapply" "Map" "find_mle_parameters" 
"as" ".M.vectorSub" "[" "[" "<Anonymous>" "mapply" "Map" "find_mle_parameters" 
"%*%" "FUN" "lapply" "multiply_list_by_matrix" "S_matrix_function" "<Anonymous>" "mapply" "Map" "find_mle_parameters" 
"*" "S_matrix_function" "<Anonymous>" "mapply" "Map" "find_mle_parameters" 
"%*%" "FUN" "lapply" "multiply_list_by_matrix" "S_matrix_function" "<Anonymous>" "mapply" "Map" "find_mle_parameters" 
"crossprod" "parameter_score" "<Anonymous>" "mapply" "Map" "find_mle_parameters" 
"vapply" "diag" "standardGeneric" "diag" "<Anonymous>" "mapply" "Map" "find_mle_parameters" 
"paste" ".sigLabel" ".findMethodInTable" ".quickCoerceSelect" "as" ".M.vectorSub" "[" "[" "<Anonymous>" "mapply" "Map" "find_mle_parameters" 
"getGeneric" "as" ".M.vectorSub" "[" "[" "<Anonymous>" "mapply" "Map" "find_mle_parameters" 
"dim" "dim" "dim" ".M.vectorSub" "[" "[" "<Anonymous>" "mapply" "Map" "find_mle_parameters" 
"<Anonymous>" "mapply" "Map" "find_mle_parameters" 
"chol.default" "chol" "standardGeneric" "chol" "chol2inv" "<Anonymous>" "mapply" "Map" "find_mle_parameters" 
"parameter_score" "<Anonymous>" "mapply" "Map" "find_mle_parameters" 
"%*%" "FUN" "lapply" "multiply_list_by_matrix" "S_matrix_function" "<Anonymous>" "mapply" "Map" "find_mle_parameters" 
"chol" "standardGeneric" "chol" "chol2inv" "<Anonymous>" "mapply" "Map" "find_mle_parameters" 
"%*%" "FUN" "lapply" "multiply_list_by_matrix" "S_matrix_function" "<Anonymous>" "mapply" "Map" "find_mle_parameters" 
"%*%" "FUN" "lapply" "multiply_list_by_matrix" "S_matrix_function" "<Anonymous>" "mapply" "Map" "find_mle_parameters" 
"diag" "standardGeneric" "diag" "<Anonymous>" "mapply" "Map" "find_mle_parameters" 
"%*%" "FUN" "lapply" "multiply_list_by_matrix" "S_matrix_function" "<Anonymous>" "mapply" "Map" "find_mle_parameters" 
"sum" "S_matrix_function" "<Anonymous>" "mapply" "Map" "find_mle_parameters" 
"%*%" "FUN" "lapply" "multiply_list_by_matrix" "S_matrix_function" "<Anonymous>" "mapply" "Map" "find_mle_parameters" 
"chol.default" "chol" "standardGeneric" "chol" "chol2inv" "<Anonymous>" "mapply" "Map" "find_mle_parameters" 
"<Anonymous>" "mapply" "Map" "find_mle_parameters" 
"%*%" "FUN" "lapply" "multiply_list_by_matrix" "S_matrix_function" "<Anonymous>" "mapply" "Map" "find_mle_parameters" 
"diag" "standardGeneric" "diag" "<Anonymous>" "mapply" "Map" "find_mle_parameters" 
"<Anonymous>" "mapply" "Map" "find_mle_parameters" 
"chol.default" "chol" "standardGeneric" "chol" "chol2inv" "<Anonymous>" "mapply" "Map" "find_mle_parameters" 
"standardGeneric" "diag" "<Anonymous>" "mapply" "Map" "find_mle_parameters" 
".getMethodsTable" "as" ".M.vectorSub" "[" "[" "<Anonymous>" "mapply" "Map" "find_mle_parameters" 
".sigLabel" ".findMethodInTable" ".quickCoerceSelect" "as" ".M.vectorSub" "[" "[" "<Anonymous>" "mapply" "Map" "find_mle_parameters" 
"%*%" "FUN" "lapply" "multiply_list_by_matrix" "S_matrix_function" "<Anonymous>" "mapply" "Map" "find_mle_parameters" 
"%*%" "FUN" "lapply" "multiply_list_by_matrix" "S_matrix_function" "<Anonymous>" "mapply" "Map" "find_mle_parameters" 
"parameter_score" "<Anonymous>" "mapply" "Map" "find_mle_parameters" 
"%*%" "FUN" "lapply" "multiply_list_by_matrix" "S_matrix_function" "<Anonymous>" "mapply" "Map" "find_mle_parameters" 
"%*%" "FUN" "lapply" "multiply_list_by_matrix" "S_matrix_function" "<Anonymous>" "mapply" "Map" "find_mle_parameters" 
"any" ".M.vectorSub" "[" "[" "<Anonymous>" "mapply" "Map" "find_mle_parameters" 
"%*%" "FUN" "lapply" "multiply_list_by_matrix" "S_matrix_function" "<Anonymous>" "mapply" "Map" "find_mle_parameters" 
"sum" "S_matrix_function" "<Anonymous>" "mapply" "Map" "find_mle_parameters" 
":" "[" "<Anonymous>" "mapply" "Map" "find_mle_parameters" 
"crossprod" "crossprod" "parameter_score" "<Anonymous>" "mapply" "Map" "find_mle_parameters" 
"*" "omega_func" "<Anonymous>" "mapply" "Map" "find_mle_parameters" 
"parameter_score" "<Anonymous>" "mapply" "Map" "find_mle_parameters" 
"%*%" "FUN" "lapply" "multiply_list_by_matrix" "S_matrix_function" "<Anonymous>" "mapply" "Map" "find_mle_parameters" 
"*" "S_matrix_function" "<Anonymous>" "mapply" "Map" "find_mle_parameters" 
"*" "<Anonymous>" "mapply" "Map" "find_mle_parameters" 
"%*%" "FUN" "lapply" "multiply_list_by_matrix" "S_matrix_function" "<Anonymous>" "mapply" "Map" "find_mle_parameters" 
"paste" ".sigLabel" ".findMethodInTable" ".quickCoerceSelect" "as" ".M.vectorSub" "[" "[" "<Anonymous>" "mapply" "Map" "find_mle_parameters" 
"%*%" "FUN" "lapply" "multiply_list_by_matrix" "S_matrix_function" "<Anonymous>" "mapply" "Map" "find_mle_parameters" 
"array" "asMethod" "as" ".M.vectorSub" "[" "[" "<Anonymous>" "mapply" "Map" "find_mle_parameters" 
"%*%" "FUN" "lapply" "multiply_list_by_matrix" "S_matrix_function" "<Anonymous>" "mapply" "Map" "find_mle_parameters" 
"%*%" "FUN" "lapply" "multiply_list_by_matrix" "S_matrix_function" "<Anonymous>" "mapply" "Map" "find_mle_parameters" 
"%*%" "FUN" "lapply" "multiply_list_by_matrix" "S_matrix_function" "<Anonymous>" "mapply" "Map" "find_mle_parameters" 
"%*%" "FUN" "lapply" "multiply_list_by_matrix" "S_matrix_function" "<Anonymous>" "mapply" "Map" "find_mle_parameters" 
"<" "<Anonymous>" "mapply" "Map" "find_mle_parameters" 
"base::chol2inv" "chol2inv" "chol2inv" "<Anonymous>" "mapply" "Map" "find_mle_parameters" 
"%*%" "FUN" "lapply" "multiply_list_by_matrix" "S_matrix_function" "<Anonymous>" "mapply" "Map" "find_mle_parameters" 
"getOption" "Matrix.msg" "[" "[" "<Anonymous>" "mapply" "Map" "find_mle_parameters" 
"[" "<Anonymous>" "mapply" "Map" "find_mle_parameters" 
"%*%" "FUN" "lapply" "multiply_list_by_matrix" "S_matrix_function" "<Anonymous>" "mapply" "Map" "find_mle_parameters" 
"%*%" "FUN" "lapply" "multiply_list_by_matrix" "S_matrix_function" "<Anonymous>" "mapply" "Map" "find_mle_parameters" 
"chol2inv" "<Anonymous>" "mapply" "Map" "find_mle_parameters" 
"S_matrix_function" "<Anonymous>" "mapply" "Map" "find_mle_parameters" 
"crossprod" "<Anonymous>" "mapply" "Map" "find_mle_parameters" 
"prod" ".M.vectorSub" "[" "[" "<Anonymous>" "mapply" "Map" "find_mle_parameters" 
"S_matrix_function" "<Anonymous>" "mapply" "Map" "find_mle_parameters" 
".classEnv" "as" ".M.vectorSub" "[" "[" "<Anonymous>" "mapply" "Map" "find_mle_parameters" 
"diag" "standardGeneric" "diag" "<Anonymous>" "mapply" "Map" "find_mle_parameters" 
"%*%" "FUN" "lapply" "multiply_list_by_matrix" "S_matrix_function" "<Anonymous>" "mapply" "Map" "find_mle_parameters" 
".quickCoerceSelect" "as" ".M.vectorSub" "[" "[" "<Anonymous>" "mapply" "Map" "find_mle_parameters" 
"base::chol2inv" "chol2inv" "chol2inv" "<Anonymous>" "mapply" "Map" "find_mle_parameters" 
"is" ".findMethodInTable" ".quickCoerceSelect" "as" ".M.vectorSub" "[" "[" "<Anonymous>" "mapply" "Map" "find_mle_parameters" 
"S_matrix_function" "<Anonymous>" "mapply" "Map" "find_mle_parameters" 
"base::chol2inv" "chol2inv" "chol2inv" "<Anonymous>" "mapply" "Map" "find_mle_parameters" 
"%*%" "FUN" "lapply" "multiply_list_by_matrix" "S_matrix_function" "<Anonymous>" "mapply" "Map" "find_mle_parameters" 
"%*%" "FUN" "lapply" "multiply_list_by_matrix" "S_matrix_function" "<Anonymous>" "mapply" "Map" "find_mle_parameters" 
"base::crossprod" "crossprod" "crossprod" "parameter_score" "<Anonymous>" "mapply" "Map" "find_mle_parameters" 
"%*%" "FUN" "lapply" "multiply_list_by_matrix" "S_matrix_function" "<Anonymous>" "mapply" "Map" "find_mle_parameters" 
"crossprod" "parameter_score" "<Anonymous>" "mapply" "Map" "find_mle_parameters" 
"S_matrix_function" "<Anonymous>" "mapply" "Map" "find_mle_parameters" 
"%*%" "FUN" "lapply" "multiply_list_by_matrix" "S_matrix_function" "<Anonymous>" "mapply" "Map" "find_mle_parameters" 
"lapply" "multiply_list_by_matrix" "S_matrix_function" "<Anonymous>" "mapply" "Map" "find_mle_parameters" 
"omega_func" "<Anonymous>" "mapply" "Map" "find_mle_parameters" 
"%*%" "FUN" "lapply" "multiply_list_by_matrix" "S_matrix_function" "<Anonymous>" "mapply" "Map" "find_mle_parameters" 
"base::crossprod" "crossprod" "crossprod" "<Anonymous>" "mapply" "Map" "find_mle_parameters" 
"crossprod" "parameter_score" "<Anonymous>" "mapply" "Map" "find_mle_parameters" 
".M.vectorSub" "[" "[" "<Anonymous>" "mapply" "Map" "find_mle_parameters" 
"%*%" "FUN" "lapply" "multiply_list_by_matrix" "S_matrix_function" "<Anonymous>" "mapply" "Map" "find_mle_parameters" 
"%*%" "FUN" "lapply" "multiply_list_by_matrix" "S_matrix_function" "<Anonymous>" "mapply" "Map" "find_mle_parameters" 
"base::chol2inv" "chol2inv" "chol2inv" "<Anonymous>" "mapply" "Map" "find_mle_parameters" 
"chol" "standardGeneric" "chol" "chol2inv" "<Anonymous>" "mapply" "Map" "find_mle_parameters" 
"omega_func" "<Anonymous>" "mapply" "Map" "find_mle_parameters" 
"%*%" "FUN" "lapply" "multiply_list_by_matrix" "S_matrix_function" "<Anonymous>" "mapply" "Map" "find_mle_parameters" 
"chol.default" "chol" "standardGeneric" "chol" "chol2inv" "<Anonymous>" "mapply" "Map" "find_mle_parameters" 
"S_matrix_function" "<Anonymous>" "mapply" "Map" "find_mle_parameters" 
"%*%" "FUN" "lapply" "multiply_list_by_matrix" "S_matrix_function" "<Anonymous>" "mapply" "Map" "find_mle_parameters" 
"%*%" "FUN" "lapply" "multiply_list_by_matrix" "S_matrix_function" "<Anonymous>" "mapply" "Map" "find_mle_parameters" 
"base::crossprod" "crossprod" "crossprod" "parameter_score" "<Anonymous>" "mapply" "Map" "find_mle_parameters" 
"chol.default" "chol" "standardGeneric" "chol" "chol2inv" "<Anonymous>" "mapply" "Map" "find_mle_parameters" 
"[" "[" "<Anonymous>" "mapply" "Map" "find_mle_parameters" 
".M.vectorSub" "[" "[" "<Anonymous>" "mapply" "Map" "find_mle_parameters" 
"chol" "standardGeneric" "chol" "chol2inv" "<Anonymous>" "mapply" "Map" "find_mle_parameters" 
"crossprod" "<Anonymous>" "mapply" "Map" "find_mle_parameters" 
"%*%" "FUN" "lapply" "multiply_list_by_matrix" "S_matrix_function" "<Anonymous>" "mapply" "Map" "find_mle_parameters" 
"crossprod" "<Anonymous>" "mapply" "Map" "find_mle_parameters" 
"*" "<Anonymous>" "mapply" "Map" "find_mle_parameters" 
"%*%" "FUN" "lapply" "multiply_list_by_matrix" "S_matrix_function" "<Anonymous>" "mapply" "Map" "find_mle_parameters" 
"is" ".findMethodInTable" ".quickCoerceSelect" "as" ".M.vectorSub" "[" "[" "<Anonymous>" "mapply" "Map" "find_mle_parameters" 
"diag" "standardGeneric" "diag" "standardGeneric" "diag" "<Anonymous>" "mapply" "Map" "find_mle_parameters" 
"paste" ".sigLabel" ".findMethodInTable" ".quickCoerceSelect" "as" ".M.vectorSub" "[" "[" "<Anonymous>" "mapply" "Map" "find_mle_parameters" 
"sum" "S_matrix_function" "<Anonymous>" "mapply" "Map" "find_mle_parameters" 
"%*%" "FUN" "lapply" "multiply_list_by_matrix" "S_matrix_function" "<Anonymous>" "mapply" "Map" "find_mle_parameters" 
"%*%" "FUN" "lapply" "multiply_list_by_matrix" "S_matrix_function" "<Anonymous>" "mapply" "Map" "find_mle_parameters" 
"*" "omega_func" "<Anonymous>" "mapply" "Map" "find_mle_parameters" 
"%*%" "FUN" "lapply" "multiply_list_by_matrix" "S_matrix_function" "<Anonymous>" "mapply" "Map" "find_mle_parameters" 
"paste" ".sigLabel" ".findMethodInTable" ".quickCoerceSelect" "as" ".M.vectorSub" "[" "[" "<Anonymous>" "mapply" "Map" "find_mle_parameters" 
"[" "<Anonymous>" "mapply" "Map" "find_mle_parameters" 
"base::chol2inv" "chol2inv" "chol2inv" "<Anonymous>" "mapply" "Map" "find_mle_parameters" 
"paste" ".sigLabel" ".findMethodInTable" ".quickCoerceSelect" "as" ".M.vectorSub" "[" "[" "<Anonymous>" "mapply" "Map" "find_mle_parameters" 
"dim" "dim" ".M.vectorSub" "[" "[" "<Anonymous>" "mapply" "Map" "find_mle_parameters" 
"%*%" "FUN" "lapply" "multiply_list_by_matrix" "S_matrix_function" "<Anonymous>" "mapply" "Map" "find_mle_parameters" 
"base::crossprod" "crossprod" "crossprod" "parameter_score" "<Anonymous>" "mapply" "Map" "find_mle_parameters" 
"FUN" "lapply" "multiply_list_by_matrix" "S_matrix_function" "<Anonymous>" "mapply" "Map" "find_mle_parameters" 
"[" "<Anonymous>" "mapply" "Map" "find_mle_parameters" 
"<" "<Anonymous>" "mapply" "Map" "find_mle_parameters" 
"as.matrix" "chol.default" "chol" "standardGeneric" "chol" "chol2inv" "<Anonymous>" "mapply" "Map" "find_mle_parameters" 
"as.logical" ".M.vectorSub" "[" "[" "<Anonymous>" "mapply" "Map" "find_mle_parameters" 
"<Anonymous>" "mapply" "Map" "find_mle_parameters" 
"+" "<Anonymous>" "mapply" "Map" "find_mle_parameters" 
"*" "omega_func" "<Anonymous>" "mapply" "Map" "find_mle_parameters" 
"matrix" "S_matrix_function" "<Anonymous>" "mapply" "Map" "find_mle_parameters" 
"as" ".M.vectorSub" "[" "[" "<Anonymous>" "mapply" "Map" "find_mle_parameters" 
"chol.default" "chol" "standardGeneric" "chol" "chol2inv" "<Anonymous>" "mapply" "Map" "find_mle_parameters" 
"%*%" "FUN" "lapply" "multiply_list_by_matrix" "S_matrix_function" "<Anonymous>" "mapply" "Map" "find_mle_parameters" 
"diag" "standardGeneric" "diag" "<Anonymous>" "mapply" "Map" "find_mle_parameters" 
"matrix" "S_matrix_function" "<Anonymous>" "mapply" "Map" "find_mle_parameters" 
"diag" "standardGeneric" "diag" "standardGeneric" "diag" "<Anonymous>" "mapply" "Map" "find_mle_parameters" 
"S_matrix_function" "<Anonymous>" "mapply" "Map" "find_mle_parameters" 
"*" "S_matrix_function" "<Anonymous>" "mapply" "Map" "find_mle_parameters" 
"%*%" "FUN" "lapply" "multiply_list_by_matrix" "S_matrix_function" "<Anonymous>" "mapply" "Map" "find_mle_parameters" 
"%*%" "FUN" "lapply" "multiply_list_by_matrix" "S_matrix_function" "<Anonymous>" "mapply" "Map" "find_mle_parameters" 
"%*%" "FUN" "lapply" "multiply_list_by_matrix" "S_matrix_function" "<Anonymous>" "mapply" "Map" "find_mle_parameters" 
"crossprod" "crossprod" "<Anonymous>" "mapply" "Map" "find_mle_parameters" 
"nargs" "diag" "standardGeneric" "diag" "<Anonymous>" "mapply" "Map" "find_mle_parameters" 
"%*%" "FUN" "lapply" "multiply_list_by_matrix" "S_matrix_function" "<Anonymous>" "mapply" "Map" "find_mle_parameters" 
"omega_func" "<Anonymous>" "mapply" "Map" "find_mle_parameters" 
"parameter_score" "<Anonymous>" "mapply" "Map" "find_mle_parameters" 
"vapply" "diag" "standardGeneric" "diag" "standardGeneric" "diag" "<Anonymous>" "mapply" "Map" "find_mle_parameters" 
"%*%" "FUN" "lapply" "multiply_list_by_matrix" "S_matrix_function" "<Anonymous>" "mapply" "Map" "find_mle_parameters" 
"is" ".findMethodInTable" ".quickCoerceSelect" "as" ".M.vectorSub" "[" "[" "<Anonymous>" "mapply" "Map" "find_mle_parameters" 
"%*%" "FUN" "lapply" "multiply_list_by_matrix" "S_matrix_function" "<Anonymous>" "mapply" "Map" "find_mle_parameters" 
"dim" "dim" ".M.vectorSub" "[" "[" "<Anonymous>" "mapply" "Map" "find_mle_parameters" 
"<Anonymous>" "mapply" "Map" "find_mle_parameters" 
"%*%" "FUN" "lapply" "multiply_list_by_matrix" "S_matrix_function" "<Anonymous>" "mapply" "Map" "find_mle_parameters" 
"get" ".getMethodsTable" "as" ".M.vectorSub" "[" "[" "<Anonymous>" "mapply" "Map" "find_mle_parameters" 
"<Anonymous>" "mapply" "Map" "find_mle_parameters" 
"base::chol2inv" "chol2inv" "chol2inv" "<Anonymous>" "mapply" "Map" "find_mle_parameters" 
"%*%" "FUN" "lapply" "multiply_list_by_matrix" "S_matrix_function" "<Anonymous>" "mapply" "Map" "find_mle_parameters" 
"%*%" "FUN" "lapply" "multiply_list_by_matrix" "S_matrix_function" "<Anonymous>" "mapply" "Map" "find_mle_parameters" 
"%*%" "FUN" "lapply" "multiply_list_by_matrix" "S_matrix_function" "<Anonymous>" "mapply" "Map" "find_mle_parameters" 
"crossprod" "<Anonymous>" "mapply" "Map" "find_mle_parameters" 
"%*%" "FUN" "lapply" "multiply_list_by_matrix" "S_matrix_function" "<Anonymous>" "mapply" "Map" "find_mle_parameters" 
"sum" "parameter_score" "<Anonymous>" "mapply" "Map" "find_mle_parameters" 
"chol.default" "chol" "standardGeneric" "chol" "chol2inv" "<Anonymous>" "mapply" "Map" "find_mle_parameters" 
"parameter_score" "<Anonymous>" "mapply" "Map" "find_mle_parameters" 
"%*%" "FUN" "lapply" "multiply_list_by_matrix" "S_matrix_function" "<Anonymous>" "mapply" "Map" "find_mle_parameters" 
"%*%" "FUN" "lapply" "multiply_list_by_matrix" "S_matrix_function" "<Anonymous>" "mapply" "Map" "find_mle_parameters" 
".class1" "as" ".M.vectorSub" "[" "[" "<Anonymous>" "mapply" "Map" "find_mle_parameters" 
"%*%" "FUN" "lapply" "multiply_list_by_matrix" "S_matrix_function" "<Anonymous>" "mapply" "Map" "find_mle_parameters" 
"%*%" "FUN" "lapply" "multiply_list_by_matrix" "S_matrix_function" "<Anonymous>" "mapply" "Map" "find_mle_parameters" 
"crossprod" "parameter_score" "<Anonymous>" "mapply" "Map" "find_mle_parameters" 
"parameter_score" "<Anonymous>" "mapply" "Map" "find_mle_parameters" 
"chol.default" "chol" "standardGeneric" "chol" "chol2inv" "<Anonymous>" "mapply" "Map" "find_mle_parameters" 
"%*%" "Py_func" "<Anonymous>" "mapply" "Map" "find_mle_parameters" 
"is" ".findMethodInTable" ".quickCoerceSelect" "as" ".M.vectorSub" "[" "[" "<Anonymous>" "mapply" "Map" "find_mle_parameters" 
".classEnv" "as" ".M.vectorSub" "[" "[" "<Anonymous>" "mapply" "Map" "find_mle_parameters" 
"%*%" "FUN" "lapply" "multiply_list_by_matrix" "S_matrix_function" "<Anonymous>" "mapply" "Map" "find_mle_parameters" 
"%*%" "FUN" "lapply" "multiply_list_by_matrix" "S_matrix_function" "<Anonymous>" "mapply" "Map" "find_mle_parameters" 
"paste" ".sigLabel" ".findMethodInTable" ".quickCoerceSelect" "as" ".M.vectorSub" "[" "[" "<Anonymous>" "mapply" "Map" "find_mle_parameters" 
"*" "S_matrix_function" "<Anonymous>" "mapply" "Map" "find_mle_parameters" 
"%*%" "FUN" "lapply" "multiply_list_by_matrix" "S_matrix_function" "<Anonymous>" "mapply" "Map" "find_mle_parameters" 
"%*%" "FUN" "lapply" "multiply_list_by_matrix" "S_matrix_function" "<Anonymous>" "mapply" "Map" "find_mle_parameters" 
"<" "<Anonymous>" "mapply" "Map" "find_mle_parameters" 
"%*%" "FUN" "lapply" "multiply_list_by_matrix" "S_matrix_function" "<Anonymous>" "mapply" "Map" "find_mle_parameters" 
"min" "diag" "standardGeneric" "diag" "<Anonymous>" "mapply" "Map" "find_mle_parameters" 
"crossprod" "parameter_score" "<Anonymous>" "mapply" "Map" "find_mle_parameters" 
"chol2inv" "<Anonymous>" "mapply" "Map" "find_mle_parameters" 
"is" ".findMethodInTable" ".quickCoerceSelect" "as" ".M.vectorSub" "[" "[" "<Anonymous>" "mapply" "Map" "find_mle_parameters" 
"%*%" "FUN" "lapply" "multiply_list_by_matrix" "S_matrix_function" "<Anonymous>" "mapply" "Map" "find_mle_parameters" 
"S_matrix_function" "<Anonymous>" "mapply" "Map" "find_mle_parameters" 
"crossprod" "<Anonymous>" "mapply" "Map" "find_mle_parameters" 
"*" "S_matrix_function" "<Anonymous>" "mapply" "Map" "find_mle_parameters" 
"*" "<Anonymous>" "mapply" "Map" "find_mle_parameters" 
"%*%" "FUN" "lapply" "multiply_list_by_matrix" "S_matrix_function" "<Anonymous>" "mapply" "Map" "find_mle_parameters" 
"chol.default" "chol" "standardGeneric" "chol" "chol2inv" "<Anonymous>" "mapply" "Map" "find_mle_parameters" 
"getClassDef" "is" ".findMethodInTable" ".quickCoerceSelect" "as" ".M.vectorSub" "[" "[" "<Anonymous>" "mapply" "Map" "find_mle_parameters" 
"diag" "standardGeneric" "diag" "<Anonymous>" "mapply" "Map" "find_mle_parameters" 
"%*%" "FUN" "lapply" "multiply_list_by_matrix" "S_matrix_function" "<Anonymous>" "mapply" "Map" "find_mle_parameters" 
"%*%" "FUN" "lapply" "multiply_list_by_matrix" "S_matrix_function" "<Anonymous>" "mapply" "Map" "find_mle_parameters" 
"%*%" "FUN" "lapply" "multiply_list_by_matrix" "S_matrix_function" "<Anonymous>" "mapply" "Map" "find_mle_parameters" 
"*" "S_matrix_function" "<Anonymous>" "mapply" "Map" "find_mle_parameters" 
"%*%" "FUN" "lapply" "multiply_list_by_matrix" "S_matrix_function" "<Anonymous>" "mapply" "Map" "find_mle_parameters" 
"chol2inv" "<Anonymous>" "mapply" "Map" "find_mle_parameters" 
"%*%" "FUN" "lapply" "multiply_list_by_matrix" "S_matrix_function" "<Anonymous>" "mapply" "Map" "find_mle_parameters" 
"standardGeneric" "diag" "<Anonymous>" "mapply" "Map" "find_mle_parameters" 
"chol.default" "chol" "standardGeneric" "chol" "chol2inv" "<Anonymous>" "mapply" "Map" "find_mle_parameters" 
"standardGeneric" "diag" "<Anonymous>" "mapply" "Map" "find_mle_parameters" 
".class1" "as" ".M.vectorSub" "[" "[" "<Anonymous>" "mapply" "Map" "find_mle_parameters" 
"%*%" "FUN" "lapply" "multiply_list_by_matrix" "S_matrix_function" "<Anonymous>" "mapply" "Map" "find_mle_parameters" 
"%*%" "FUN" "lapply" "multiply_list_by_matrix" "S_matrix_function" "<Anonymous>" "mapply" "Map" "find_mle_parameters" 
"%*%" "FUN" "lapply" "multiply_list_by_matrix" "S_matrix_function" "<Anonymous>" "mapply" "Map" "find_mle_parameters" 
"chol.default" "chol" "standardGeneric" "chol" "chol2inv" "<Anonymous>" "mapply" "Map" "find_mle_parameters" 
"*" "omega_func" "<Anonymous>" "mapply" "Map" "find_mle_parameters" 
"parameter_score" "<Anonymous>" "mapply" "Map" "find_mle_parameters" 
"%*%" "FUN" "lapply" "multiply_list_by_matrix" "S_matrix_function" "<Anonymous>" "mapply" "Map" "find_mle_parameters" 
"%*%" "FUN" "lapply" "multiply_list_by_matrix" "S_matrix_function" "<Anonymous>" "mapply" "Map" "find_mle_parameters" 
"paste" ".sigLabel" ".findMethodInTable" ".quickCoerceSelect" "as" ".M.vectorSub" "[" "[" "<Anonymous>" "mapply" "Map" "find_mle_parameters" 
"<Anonymous>" "mapply" "Map" "find_mle_parameters" 
":" "parameter_score" "<Anonymous>" "mapply" "Map" "find_mle_parameters" 
"*" "parameter_score" "<Anonymous>" "mapply" "Map" "find_mle_parameters" 
"is" ".findMethodInTable" ".quickCoerceSelect" "as" ".M.vectorSub" "[" "[" "<Anonymous>" "mapply" "Map" "find_mle_parameters" 
"omega_func" "<Anonymous>" "mapply" "Map" "find_mle_parameters" 
"diag" "standardGeneric" "diag" "<Anonymous>" "mapply" "Map" "find_mle_parameters" 
"array" "asMethod" "as" ".M.vectorSub" "[" "[" "<Anonymous>" "mapply" "Map" "find_mle_parameters" 
"find_mle_parameters" 
"crossprod" "<Anonymous>" "mapply" "Map" "find_mle_parameters" 
"%*%" "FUN" "lapply" "multiply_list_by_matrix" "S_matrix_function" "<Anonymous>" "mapply" "Map" "find_mle_parameters" 
"is" ".findMethodInTable" ".quickCoerceSelect" "as" ".M.vectorSub" "[" "[" "<Anonymous>" "mapply" "Map" "find_mle_parameters" 
"[" "<Anonymous>" "mapply" "Map" "find_mle_parameters" 
"%*%" "FUN" "lapply" "multiply_list_by_matrix" "S_matrix_function" "<Anonymous>" "mapply" "Map" "find_mle_parameters" 
"%*%" "FUN" "lapply" "multiply_list_by_matrix" "S_matrix_function" "<Anonymous>" "mapply" "Map" "find_mle_parameters" 
"diag" "standardGeneric" "diag" "<Anonymous>" "mapply" "Map" "find_mle_parameters" 
"%*%" "FUN" "lapply" "multiply_list_by_matrix" "S_matrix_function" "<Anonymous>" "mapply" "Map" "find_mle_parameters" 
"base::chol2inv" "chol2inv" "chol2inv" "<Anonymous>" "mapply" "Map" "find_mle_parameters" 
"S_matrix_function" "<Anonymous>" "mapply" "Map" "find_mle_parameters" 
"length" "length" "[" "<Anonymous>" "mapply" "Map" "find_mle_parameters" 
"paste" ".sigLabel" ".findMethodInTable" ".quickCoerceSelect" "as" ".M.vectorSub" "[" "[" "<Anonymous>" "mapply" "Map" "find_mle_parameters" 
"base::chol2inv" "chol2inv" "chol2inv" "<Anonymous>" "mapply" "Map" "find_mle_parameters" 
"%*%" "FUN" "lapply" "multiply_list_by_matrix" "S_matrix_function" "<Anonymous>" "mapply" "Map" "find_mle_parameters" 
"*" "S_matrix_function" "<Anonymous>" "mapply" "Map" "find_mle_parameters" 
"%*%" "Py_func" "<Anonymous>" "mapply" "Map" "find_mle_parameters" 
"base::crossprod" "crossprod" "crossprod" "<Anonymous>" "mapply" "Map" "find_mle_parameters" 
"%*%" "FUN" "lapply" "multiply_list_by_matrix" "S_matrix_function" "<Anonymous>" "mapply" "Map" "find_mle_parameters" 
"%*%" "FUN" "lapply" "multiply_list_by_matrix" "S_matrix_function" "<Anonymous>" "mapply" "Map" "find_mle_parameters" 
"+" "<Anonymous>" "mapply" "Map" "find_mle_parameters" 
"%*%" "FUN" "lapply" "multiply_list_by_matrix" "S_matrix_function" "<Anonymous>" "mapply" "Map" "find_mle_parameters" 
"%*%" "FUN" "lapply" "multiply_list_by_matrix" "S_matrix_function" "<Anonymous>" "mapply" "Map" "find_mle_parameters" 
"%*%" "FUN" "lapply" "multiply_list_by_matrix" "S_matrix_function" "<Anonymous>" "mapply" "Map" "find_mle_parameters" 
"sum" "S_matrix_function" "<Anonymous>" "mapply" "Map" "find_mle_parameters" 
"%*%" "FUN" "lapply" "multiply_list_by_matrix" "S_matrix_function" "<Anonymous>" "mapply" "Map" "find_mle_parameters" 
"+" "<Anonymous>" "mapply" "Map" "find_mle_parameters" 
":" "S_matrix_function" "<Anonymous>" "mapply" "Map" "find_mle_parameters" 
"[" "<Anonymous>" "mapply" "Map" "find_mle_parameters" 
"S_matrix_function" "<Anonymous>" "mapply" "Map" "find_mle_parameters" 
"%*%" "FUN" "lapply" "multiply_list_by_matrix" "S_matrix_function" "<Anonymous>" "mapply" "Map" "find_mle_parameters" 
"sum" "S_matrix_function" "<Anonymous>" "mapply" "Map" "find_mle_parameters" 
"%*%" "FUN" "lapply" "multiply_list_by_matrix" "S_matrix_function" "<Anonymous>" "mapply" "Map" "find_mle_parameters" 
"%*%" "FUN" "lapply" "multiply_list_by_matrix" "S_matrix_function" "<Anonymous>" "mapply" "Map" "find_mle_parameters" 
"chol" "standardGeneric" "chol" "chol2inv" "<Anonymous>" "mapply" "Map" "find_mle_parameters" 
"<Anonymous>" "mapply" "Map" "find_mle_parameters" 
"<Anonymous>" "mapply" "Map" "find_mle_parameters" 
"%*%" "FUN" "lapply" "multiply_list_by_matrix" "S_matrix_function" "<Anonymous>" "mapply" "Map" "find_mle_parameters" 
"%*%" "FUN" "lapply" "multiply_list_by_matrix" "S_matrix_function" "<Anonymous>" "mapply" "Map" "find_mle_parameters" 
"parameter_score" "<Anonymous>" "mapply" "Map" "find_mle_parameters" 
"%*%" "FUN" "lapply" "multiply_list_by_matrix" "S_matrix_function" "<Anonymous>" "mapply" "Map" "find_mle_parameters" 
"%*%" "FUN" "lapply" "multiply_list_by_matrix" "S_matrix_function" "<Anonymous>" "mapply" "Map" "find_mle_parameters" 
"%*%" "FUN" "lapply" "multiply_list_by_matrix" "S_matrix_function" "<Anonymous>" "mapply" "Map" "find_mle_parameters" 
"array" "asMethod" "as" ".M.vectorSub" "[" "[" "<Anonymous>" "mapply" "Map" "find_mle_parameters" 
"base::crossprod" "crossprod" "crossprod" "parameter_score" "<Anonymous>" "mapply" "Map" "find_mle_parameters" 
"base::crossprod" "crossprod" "crossprod" "<Anonymous>" "mapply" "Map" "find_mle_parameters" 
"%*%" "FUN" "lapply" "multiply_list_by_matrix" "S_matrix_function" "<Anonymous>" "mapply" "Map" "find_mle_parameters" 
"%*%" "FUN" "lapply" "multiply_list_by_matrix" "S_matrix_function" "<Anonymous>" "mapply" "Map" "find_mle_parameters" 
"%*%" "FUN" "lapply" "multiply_list_by_matrix" "S_matrix_function" "<Anonymous>" "mapply" "Map" "find_mle_parameters" 
"%*%" "FUN" "lapply" "multiply_list_by_matrix" "S_matrix_function" "<Anonymous>" "mapply" "Map" "find_mle_parameters" 
"find_mle_parameters" 
"%*%" "FUN" "lapply" "multiply_list_by_matrix" "S_matrix_function" "<Anonymous>" "mapply" "Map" "find_mle_parameters" 
"*" "omega_func" "<Anonymous>" "mapply" "Map" "find_mle_parameters" 
"%*%" "FUN" "lapply" "multiply_list_by_matrix" "S_matrix_function" "<Anonymous>" "mapply" "Map" "find_mle_parameters" 
"%*%" "FUN" "lapply" "multiply_list_by_matrix" "S_matrix_function" "<Anonymous>" "mapply" "Map" "find_mle_parameters" 
"%*%" "FUN" "lapply" "multiply_list_by_matrix" "S_matrix_function" "<Anonymous>" "mapply" "Map" "find_mle_parameters" 
"%in%" ".getGeneric" "getGeneric" "as" ".M.vectorSub" "[" "[" "<Anonymous>" "mapply" "Map" "find_mle_parameters" 
"+" "<Anonymous>" "mapply" "Map" "find_mle_parameters" 
"matrix" "S_matrix_function" "<Anonymous>" "mapply" "Map" "find_mle_parameters" 
"S_matrix_function" "<Anonymous>" "mapply" "Map" "find_mle_parameters" 
"paste" ".sigLabel" ".findMethodInTable" ".quickCoerceSelect" "as" ".M.vectorSub" "[" "[" "<Anonymous>" "mapply" "Map" "find_mle_parameters" 
"%*%" "FUN" "lapply" "multiply_list_by_matrix" "S_matrix_function" "<Anonymous>" "mapply" "Map" "find_mle_parameters" 
".getGeneric" "getGeneric" "as" ".M.vectorSub" "[" "[" "<Anonymous>" "mapply" "Map" "find_mle_parameters" 
"[" "<Anonymous>" "mapply" "Map" "find_mle_parameters" 
"crossprod" "parameter_score" "<Anonymous>" "mapply" "Map" "find_mle_parameters" 
"[" "<Anonymous>" "mapply" "Map" "find_mle_parameters" 
"sum" "parameter_score" "<Anonymous>" "mapply" "Map" "find_mle_parameters" 
"%*%" "FUN" "lapply" "multiply_list_by_matrix" "S_matrix_function" "<Anonymous>" "mapply" "Map" "find_mle_parameters" 
"crossprod" "<Anonymous>" "mapply" "Map" "find_mle_parameters" 
"%*%" "FUN" "lapply" "multiply_list_by_matrix" "S_matrix_function" "<Anonymous>" "mapply" "Map" "find_mle_parameters" 
".getGeneric" "getGeneric" "as" ".M.vectorSub" "[" "[" "<Anonymous>" "mapply" "Map" "find_mle_parameters" 
"[" "<Anonymous>" "mapply" "Map" "find_mle_parameters" 
"%*%" "FUN" "lapply" "multiply_list_by_matrix" "S_matrix_function" "<Anonymous>" "mapply" "Map" "find_mle_parameters" 
"%*%" "FUN" "lapply" "multiply_list_by_matrix" "S_matrix_function" "<Anonymous>" "mapply" "Map" "find_mle_parameters" 
"*" "parameter_score" "<Anonymous>" "mapply" "Map" "find_mle_parameters" 
"print.default" "print" "standardGeneric" "print" "prMatrix" "<Anonymous>" "<Anonymous>" 
"print.default" "print" "standardGeneric" "print" "printSpMatrix" "printSpMatrix2" "<Anonymous>" "<Anonymous>" 
"gettext" "<Anonymous>" "doWithOneRestart" "withOneRestart" "withRestarts" ".signalSimpleWarning" "readLines" "summaryRprof" 
"file" "readLines" "tools:::.parse_CITATION_file" "utils:::readCitationFile" ".Call" "<Anonymous>" "do.call" "callFun" "<Anonymous>" "get_data" "detect_new" "rstudio$detect" "<Anonymous>" "mult_sign" "paste0" "spaces_around" "paste0" "dim_desc" "paste0" "size_sum.default" "size_sum" "paste" "obj_sum.default" "obj_sum" "tbl_sum.default" "tibble::tbl_sum" "as.list" "overridePrint" "print.data.frame" "<Anonymous>" 
"load" ".rs.readDataCapture" ".Call" "overridePrint" "print.data.frame" "<Anonymous>" 
"gzfile" "load" ".rs.readDataCapture" ".Call" "overridePrint" "print.data.frame" "<Anonymous>" 
