sample.interval=20000
"S_matrix_function" "<Anonymous>" "mapply" "Map" "find_mle_parameters" 
"S_matrix_function" "<Anonymous>" "mapply" "Map" "find_mle_parameters" 
"S_matrix_function" "<Anonymous>" "mapply" "Map" "find_mle_parameters" 
"S_matrix_function" "<Anonymous>" "mapply" "Map" "find_mle_parameters" 
"S_matrix_function" "<Anonymous>" "mapply" "Map" "find_mle_parameters" 
"S_matrix_function" "<Anonymous>" "mapply" "Map" "find_mle_parameters" 
"S_matrix_function" "<Anonymous>" "mapply" "Map" "find_mle_parameters" 
"FUN" "lapply" "sapply" "parameter_score" "<Anonymous>" "mapply" "Map" "find_mle_parameters" 
"%*%" "FUN" "lapply" "multiply_list_by_matrix" "S_matrix_function" "<Anonymous>" "mapply" "Map" "find_mle_parameters" 
"<Anonymous>" "mapply" "Map" "find_mle_parameters" 
"FUN" "lapply" "sapply" "parameter_score" "<Anonymous>" "mapply" "Map" "find_mle_parameters" 
"t" "standardGeneric" "t" "<Anonymous>" "mapply" "Map" "find_mle_parameters" 
"Py_func" "<Anonymous>" "mapply" "Map" "find_mle_parameters" 
"t.default" "t" "standardGeneric" "t" "parameter_score" "<Anonymous>" "mapply" "Map" "find_mle_parameters" 
"FUN" "lapply" "omega_func" "<Anonymous>" "mapply" "Map" "find_mle_parameters" 
"lapply" "sapply" "parameter_score" "<Anonymous>" "mapply" "Map" "find_mle_parameters" 
"<Anonymous>" "mapply" "Map" "find_mle_parameters" 
"lapply" "omega_func" "<Anonymous>" "mapply" "Map" "find_mle_parameters" 
"parent.frame" "match.fun" "Reduce" "omega_func" "<Anonymous>" "mapply" "Map" "find_mle_parameters" 
"FUN" "lapply" "omega_func" "<Anonymous>" "mapply" "Map" "find_mle_parameters" 
"as.matrix" "chol.default" "chol" "standardGeneric" "chol" "chol2inv" "<Anonymous>" "mapply" "Map" "find_mle_parameters" 
"Reduce" "omega_func" "<Anonymous>" "mapply" "Map" "find_mle_parameters" 
"get" "match.fun" "Reduce" "omega_func" "<Anonymous>" "mapply" "Map" "find_mle_parameters" 
"matrix" "S_matrix_function" "<Anonymous>" "mapply" "Map" "find_mle_parameters" 
"unlist" "simplify2array" "sapply" "parameter_score" "<Anonymous>" "mapply" "Map" "find_mle_parameters" 
"lapply" "omega_func" "<Anonymous>" "mapply" "Map" "find_mle_parameters" 
"lapply" "multiply_list_by_matrix" "S_matrix_function" "<Anonymous>" "mapply" "Map" "find_mle_parameters" 
"S_matrix_function" "<Anonymous>" "mapply" "Map" "find_mle_parameters" 
"FUN" "lapply" "sapply" "parameter_score" "<Anonymous>" "mapply" "Map" "find_mle_parameters" 
"unique.default" "unique" "simplify2array" "sapply" "parameter_score" "<Anonymous>" "mapply" "Map" "find_mle_parameters" 
"is" ".findMethodInTable" ".quickCoerceSelect" "as" ".M.vectorSub" "[" "[" "<Anonymous>" "mapply" "Map" "find_mle_parameters" 
"S_matrix_function" "<Anonymous>" "mapply" "Map" "find_mle_parameters" 
".quickCoerceSelect" "as" ".M.vectorSub" "[" "[" "<Anonymous>" "mapply" "Map" "find_mle_parameters" 
"FUN" "lapply" "sapply" "parameter_score" "<Anonymous>" "mapply" "Map" "find_mle_parameters" 
"FUN" "lapply" "multiply_list_by_matrix" "S_matrix_function" "<Anonymous>" "mapply" "Map" "find_mle_parameters" 
"multiply_list_by_matrix" "S_matrix_function" "<Anonymous>" "mapply" "Map" "find_mle_parameters" 
"as" ".M.vectorSub" "[" "[" "<Anonymous>" "mapply" "Map" "find_mle_parameters" 
"%*%" "FUN" "lapply" "multiply_list_by_matrix" "S_matrix_function" "<Anonymous>" "mapply" "Map" "find_mle_parameters" 
"S_matrix_function" "<Anonymous>" "mapply" "Map" "find_mle_parameters" 
"lapply" "sapply" "parameter_score" "<Anonymous>" "mapply" "Map" "find_mle_parameters" 
"standardGeneric" "t" "<Anonymous>" "mapply" "Map" "find_mle_parameters" 
"standardGeneric" "t" "<Anonymous>" "mapply" "Map" "find_mle_parameters" 
"getNamespace" ".requirePackage" ".classEnv" "as" ".M.vectorSub" "[" "[" "<Anonymous>" "mapply" "Map" "find_mle_parameters" 
"sapply" "parameter_score" "<Anonymous>" "mapply" "Map" "find_mle_parameters" 
"S_matrix_function" "<Anonymous>" "mapply" "Map" "find_mle_parameters" 
"%*%" "FUN" "lapply" "sapply" "parameter_score" "<Anonymous>" "mapply" "Map" "find_mle_parameters" 
".getMethodsTable" "as" ".M.vectorSub" "[" "[" "<Anonymous>" "mapply" "Map" "find_mle_parameters" 
"lapply" "omega_func" "<Anonymous>" "mapply" "Map" "find_mle_parameters" 
"paste" ".sigLabel" ".findMethodInTable" ".quickCoerceSelect" "as" ".M.vectorSub" "[" "[" "<Anonymous>" "mapply" "Map" "find_mle_parameters" 
"as" ".M.vectorSub" "[" "[" "<Anonymous>" "mapply" "Map" "find_mle_parameters" 
"[" "<Anonymous>" "mapply" "Map" "find_mle_parameters" 
"%*%" "FUN" "lapply" "multiply_list_by_matrix" "S_matrix_function" "<Anonymous>" "mapply" "Map" "find_mle_parameters" 
"is" ".findMethodInTable" ".quickCoerceSelect" "as" ".M.vectorSub" "[" "[" "<Anonymous>" "mapply" "Map" "find_mle_parameters" 
"lengths" "unique" "simplify2array" "sapply" "parameter_score" "<Anonymous>" "mapply" "Map" "find_mle_parameters" 
"lapply" "sapply" "parameter_score" "<Anonymous>" "mapply" "Map" "find_mle_parameters" 
"length" "length" "[" "<Anonymous>" "mapply" "Map" "find_mle_parameters" 
".M.vectorSub" "[" "[" "<Anonymous>" "mapply" "Map" "find_mle_parameters" 
"chol.default" "chol" "standardGeneric" "chol" "chol2inv" "<Anonymous>" "mapply" "Map" "find_mle_parameters" 
"dim" "dim" "length" "length" "length" "[" "<Anonymous>" "mapply" "Map" "find_mle_parameters" 
"[" "<Anonymous>" "mapply" "Map" "find_mle_parameters" 
"S_matrix_function" "<Anonymous>" "mapply" "Map" "find_mle_parameters" 
"is" ".findMethodInTable" ".quickCoerceSelect" "as" ".M.vectorSub" "[" "[" "<Anonymous>" "mapply" "Map" "find_mle_parameters" 
"standardGeneric" "chol" "chol2inv" "<Anonymous>" "mapply" "Map" "find_mle_parameters" 
"as" ".M.vectorSub" "[" "[" "<Anonymous>" "mapply" "Map" "find_mle_parameters" 
".class1" "as" ".M.vectorSub" "[" "[" "<Anonymous>" "mapply" "Map" "find_mle_parameters" 
"is" ".findMethodInTable" ".quickCoerceSelect" "as" ".M.vectorSub" "[" "[" "<Anonymous>" "mapply" "Map" "find_mle_parameters" 
"length" "length" "[" "<Anonymous>" "mapply" "Map" "find_mle_parameters" 
".requirePackage" ".classEnv" "as" ".M.vectorSub" "[" "[" "<Anonymous>" "mapply" "Map" "find_mle_parameters" 
"array" "asMethod" "as" ".M.vectorSub" "[" "[" "<Anonymous>" "mapply" "Map" "find_mle_parameters" 
".M.vectorSub" "[" "[" "<Anonymous>" "mapply" "Map" "find_mle_parameters" 
"t" "standardGeneric" "t" "<Anonymous>" "mapply" "Map" "find_mle_parameters" 
"dim" "ncol" "[" "<Anonymous>" "mapply" "Map" "find_mle_parameters" 
"<Anonymous>" "mapply" "Map" "find_mle_parameters" 
"unlist" "simplify2array" "sapply" "rowSums" "find_mle_parameters" 
".identC" "is" ".findMethodInTable" ".quickCoerceSelect" "as" ".M.vectorSub" "[" "[" "<Anonymous>" "mapply" "Map" "find_mle_parameters" 
"parameter_score" "<Anonymous>" "mapply" "Map" "find_mle_parameters" 
".classEnv" "as" ".M.vectorSub" "[" "[" "<Anonymous>" "mapply" "Map" "find_mle_parameters" 
"dim" "ncol" "[" "<Anonymous>" "mapply" "Map" "find_mle_parameters" 
"as" ".M.vectorSub" "[" "[" "<Anonymous>" "mapply" "Map" "find_mle_parameters" 
"exists" ".getMethodsTable" "as" ".M.vectorSub" "[" "[" "<Anonymous>" "mapply" "Map" "find_mle_parameters" 
"length" "length" "[" "<Anonymous>" "mapply" "Map" "find_mle_parameters" 
".findMethodInTable" ".quickCoerceSelect" "as" ".M.vectorSub" "[" "[" "<Anonymous>" "mapply" "Map" "find_mle_parameters" 
"base::chol2inv" "chol2inv" "chol2inv" "<Anonymous>" "mapply" "Map" "find_mle_parameters" 
"dim" "dim" "length" "length" "length" "[" "<Anonymous>" "mapply" "Map" "find_mle_parameters" 
"[" "<Anonymous>" "mapply" "Map" "find_mle_parameters" 
"getGeneric" "as" ".M.vectorSub" "[" "[" "<Anonymous>" "mapply" "Map" "find_mle_parameters" 
"is" ".findMethodInTable" ".quickCoerceSelect" "as" ".M.vectorSub" "[" "[" "<Anonymous>" "mapply" "Map" "find_mle_parameters" 
"array" "asMethod" "as" ".M.vectorSub" "[" "[" "<Anonymous>" "mapply" "Map" "find_mle_parameters" 
"t" "standardGeneric" "t" "parameter_score" "<Anonymous>" "mapply" "Map" "find_mle_parameters" 
".getMethodsTable" "as" ".M.vectorSub" "[" "[" "<Anonymous>" "mapply" "Map" "find_mle_parameters" 
".identC" "is" ".findMethodInTable" ".quickCoerceSelect" "as" ".M.vectorSub" "[" "[" "<Anonymous>" "mapply" "Map" "find_mle_parameters" 
"S_matrix_function" "<Anonymous>" "mapply" "Map" "find_mle_parameters" 
"packageSlot" ".classEnv" "as" ".M.vectorSub" "[" "[" "<Anonymous>" "mapply" "Map" "find_mle_parameters" 
".M.vectorSub" "[" "[" "<Anonymous>" "mapply" "Map" "find_mle_parameters" 
"S_matrix_function" "<Anonymous>" "mapply" "Map" "find_mle_parameters" 
".getMethodsTable" "as" ".M.vectorSub" "[" "[" "<Anonymous>" "mapply" "Map" "find_mle_parameters" 
"environment" "exists" ".getMethodsTable" "as" ".M.vectorSub" "[" "[" "<Anonymous>" "mapply" "Map" "find_mle_parameters" 
"FUN" "lapply" "omega_func" "<Anonymous>" "mapply" "Map" "find_mle_parameters" 
"paste" ".sigLabel" ".findMethodInTable" ".quickCoerceSelect" "as" ".M.vectorSub" "[" "[" "<Anonymous>" "mapply" "Map" "find_mle_parameters" 
"S_matrix_function" "<Anonymous>" "mapply" "Map" "find_mle_parameters" 
"array" "asMethod" "as" ".M.vectorSub" "[" "[" "<Anonymous>" "mapply" "Map" "find_mle_parameters" 
"as" ".M.vectorSub" "[" "[" "<Anonymous>" "mapply" "Map" "find_mle_parameters" 
"base::chol2inv" "chol2inv" "chol2inv" "<Anonymous>" "mapply" "Map" "find_mle_parameters" 
"is" ".findMethodInTable" ".quickCoerceSelect" "as" ".M.vectorSub" "[" "[" "<Anonymous>" "mapply" "Map" "find_mle_parameters" 
"get" ".getMethodsTable" "as" ".M.vectorSub" "[" "[" "<Anonymous>" "mapply" "Map" "find_mle_parameters" 
"chol" "standardGeneric" "chol" "chol2inv" "<Anonymous>" "mapply" "Map" "find_mle_parameters" 
"t" "standardGeneric" "t" "parameter_score" "<Anonymous>" "mapply" "Map" "find_mle_parameters" 
"<Anonymous>" "mapply" "Map" "find_mle_parameters" 
"standardGeneric" "t" "<Anonymous>" "mapply" "Map" "find_mle_parameters" 
".getMethodsTable" "as" ".M.vectorSub" "[" "[" "<Anonymous>" "mapply" "Map" "find_mle_parameters" 
"as" ".M.vectorSub" "[" "[" "<Anonymous>" "mapply" "Map" "find_mle_parameters" 
"packageSlot" ".classEnv" "as" ".M.vectorSub" "[" "[" "<Anonymous>" "mapply" "Map" "find_mle_parameters" 
"+" "[" "<Anonymous>" "mapply" "Map" "find_mle_parameters" 
"is.matrix" "as.matrix.default" "as.matrix" "chol.default" "chol" "standardGeneric" "chol" "chol2inv" "<Anonymous>" "mapply" "Map" "find_mle_parameters" 
"lapply" "sapply" "parameter_score" "<Anonymous>" "mapply" "Map" "find_mle_parameters" 
"multiply_list_by_matrix" "S_matrix_function" "<Anonymous>" "mapply" "Map" "find_mle_parameters" 
".quickCoerceSelect" "as" ".M.vectorSub" "[" "[" "<Anonymous>" "mapply" "Map" "find_mle_parameters" 
"lapply" "Reduce" "find_mle_parameters" 
"prettyNum" "format.default" "format" "format.data.frame" "as.matrix" "print.data.frame" "<Anonymous>" 
