sample.interval=20000
"base::chol2inv" "chol2inv" "chol2inv" "<Anonymous>" "mapply" "Map" "find_remle_parameters" 
"%*%" "reml_score_func" "<Anonymous>" "mapply" "Map" "find_remle_parameters" 
"chol" "standardGeneric" "chol" "chol2inv" "P_func" "<Anonymous>" "mapply" "Map" "find_remle_parameters" 
"diag" "tr" "reml_score_func" "<Anonymous>" "mapply" "Map" "find_remle_parameters" 
"tr" "reml_score_func" "<Anonymous>" "mapply" "Map" "find_remle_parameters" 
"%*%" "FUN" "lapply" "multiply_list_by_matrix" "S_matrix_reml_function" "<Anonymous>" "mapply" "Map" "find_remle_parameters" 
"t" "standardGeneric" "t" "reml_score_func" "<Anonymous>" "mapply" "Map" "find_remle_parameters" 
"omega_func" "<Anonymous>" "mapply" "Map" "find_remle_parameters" 
"chol.default" "chol" "standardGeneric" "chol" "chol2inv" "P_func" "<Anonymous>" "mapply" "Map" "find_remle_parameters" 
"t" "standardGeneric" "t" "P_func" "<Anonymous>" "mapply" "Map" "find_remle_parameters" 
"%*%" "FUN" "lapply" "multiply_list_by_matrix" "S_matrix_reml_function" "<Anonymous>" "mapply" "Map" "find_remle_parameters" 
"standardGeneric" "t" "reml_score_func" "<Anonymous>" "mapply" "Map" "find_remle_parameters" 
"reml_score_func" "<Anonymous>" "mapply" "Map" "find_remle_parameters" 
"matrix" "S_matrix_reml_function" "<Anonymous>" "mapply" "Map" "find_remle_parameters" 
"S_matrix_reml_function" "<Anonymous>" "mapply" "Map" "find_remle_parameters" 
"S_matrix_reml_function" "<Anonymous>" "mapply" "Map" "find_remle_parameters" 
"%*%" "reml_score_func" "<Anonymous>" "mapply" "Map" "find_remle_parameters" 
"Reduce" "omega_func" "<Anonymous>" "mapply" "Map" "find_remle_parameters" 
"sum" "tr" "reml_score_func" "<Anonymous>" "mapply" "Map" "find_remle_parameters" 
"as.matrix" "chol.default" "chol" "standardGeneric" "chol" "chol2inv" "P_func" "<Anonymous>" "mapply" "Map" "find_remle_parameters" 
"%*%" "reml_score_func" "<Anonymous>" "mapply" "Map" "find_remle_parameters" 
"standardGeneric" "chol" "chol2inv" "<Anonymous>" "mapply" "Map" "find_remle_parameters" 
"chol.default" "chol" "standardGeneric" "chol" "chol2inv" "<Anonymous>" "mapply" "Map" "find_remle_parameters" 
"length" "NCOL" "base::chol2inv" "chol2inv" "chol2inv" "P_func" "<Anonymous>" "mapply" "Map" "find_remle_parameters" 
"diag" "tr" "reml_score_func" "<Anonymous>" "mapply" "Map" "find_remle_parameters" 
"P_func" "<Anonymous>" "mapply" "Map" "find_remle_parameters" 
"sum" "S_matrix_reml_function" "<Anonymous>" "mapply" "Map" "find_remle_parameters" 
"match.fun" "Reduce" "omega_func" "<Anonymous>" "mapply" "Map" "find_remle_parameters" 
"standardGeneric" "chol" "chol2inv" "P_func" "<Anonymous>" "mapply" "Map" "find_remle_parameters" 
"%*%" "reml_score_func" "<Anonymous>" "mapply" "Map" "find_remle_parameters" 
"diag" "tr" "reml_score_func" "<Anonymous>" "mapply" "Map" "find_remle_parameters" 
"reml_score_func" "<Anonymous>" "mapply" "Map" "find_remle_parameters" 
"%*%" "reml_score_func" "<Anonymous>" "mapply" "Map" "find_remle_parameters" 
"chol" "standardGeneric" "chol" "chol2inv" "P_func" "<Anonymous>" "mapply" "Map" "find_remle_parameters" 
"as.matrix" "chol.default" "chol" "standardGeneric" "chol" "chol2inv" "P_func" "<Anonymous>" "mapply" "Map" "find_remle_parameters" 
"S_matrix_reml_function" "<Anonymous>" "mapply" "Map" "find_remle_parameters" 
"reml_score_func" "<Anonymous>" "mapply" "Map" "find_remle_parameters" 
"lapply" "omega_func" "<Anonymous>" "mapply" "Map" "find_remle_parameters" 
"Reduce" "find_remle_parameters" 
"Reduce" "find_remle_parameters" 
"mapply" "Map" "find_remle_parameters" 
"standardGeneric" "chol" "chol2inv" "P_func" "<Anonymous>" "mapply" "Map" "find_remle_parameters" 
"Reduce" "omega_func" "<Anonymous>" "mapply" "Map" "find_remle_parameters" 
"%*%" "FUN" "lapply" "multiply_list_by_matrix" "S_matrix_reml_function" "<Anonymous>" "mapply" "Map" "find_remle_parameters" 
"standardGeneric" "t" "reml_score_func" "<Anonymous>" "mapply" "Map" "find_remle_parameters" 
"as.matrix" "chol.default" "chol" "standardGeneric" "chol" "chol2inv" "<Anonymous>" "mapply" "Map" "find_remle_parameters" 
"matrix" "S_matrix_reml_function" "<Anonymous>" "mapply" "Map" "find_remle_parameters" 
"Reduce" "omega_func" "<Anonymous>" "mapply" "Map" "find_remle_parameters" 
"chol.default" "chol" "standardGeneric" "chol" "chol2inv" "<Anonymous>" "mapply" "Map" "find_remle_parameters" 
"S_matrix_reml_function" "<Anonymous>" "mapply" "Map" "find_remle_parameters" 
"%*%" "FUN" "lapply" "multiply_list_by_matrix" "S_matrix_reml_function" "<Anonymous>" "mapply" "Map" "find_remle_parameters" 
"reml_score_func" "<Anonymous>" "mapply" "Map" "find_remle_parameters" 
"%*%" "reml_score_func" "<Anonymous>" "mapply" "Map" "find_remle_parameters" 
"Reduce" "omega_func" "<Anonymous>" "mapply" "Map" "find_remle_parameters" 
"chol" "standardGeneric" "chol" "chol2inv" "P_func" "<Anonymous>" "mapply" "Map" "find_remle_parameters" 
"standardGeneric" "t" "P_func" "<Anonymous>" "mapply" "Map" "find_remle_parameters" 
"%*%" "reml_score_func" "<Anonymous>" "mapply" "Map" "find_remle_parameters" 
"S_matrix_reml_function" "<Anonymous>" "mapply" "Map" "find_remle_parameters" 
"%*%" "reml_score_func" "<Anonymous>" "mapply" "Map" "find_remle_parameters" 
"t" "standardGeneric" "t" "reml_score_func" "<Anonymous>" "mapply" "Map" "find_remle_parameters" 
"reml_score_func" "<Anonymous>" "mapply" "Map" "find_remle_parameters" 
"reml_score_func" "<Anonymous>" "mapply" "Map" "find_remle_parameters" 
"reml_score_func" "<Anonymous>" "mapply" "Map" "find_remle_parameters" 
"min" "diag" "tr" "reml_score_func" "<Anonymous>" "mapply" "Map" "find_remle_parameters" 
"<Anonymous>" "mapply" "Map" "find_remle_parameters" 
"%*%" "FUN" "lapply" "multiply_list_by_matrix" "S_matrix_reml_function" "<Anonymous>" "mapply" "Map" "find_remle_parameters" 
"FUN" "lapply" "omega_func" "<Anonymous>" "mapply" "Map" "find_remle_parameters" 
"reml_score_func" "<Anonymous>" "mapply" "Map" "find_remle_parameters" 
"%*%" "P_func" "<Anonymous>" "mapply" "Map" "find_remle_parameters" 
"t" "standardGeneric" "t" "P_func" "<Anonymous>" "mapply" "Map" "find_remle_parameters" 
"standardGeneric" "t" "P_func" "<Anonymous>" "mapply" "Map" "find_remle_parameters" 
"chol2inv" "P_func" "<Anonymous>" "mapply" "Map" "find_remle_parameters" 
"diag" "tr" "reml_score_func" "<Anonymous>" "mapply" "Map" "find_remle_parameters" 
"%*%" "reml_score_func" "<Anonymous>" "mapply" "Map" "find_remle_parameters" 
"Reduce" "omega_func" "<Anonymous>" "mapply" "Map" "find_remle_parameters" 
"%*%" "reml_score_func" "<Anonymous>" "mapply" "Map" "find_remle_parameters" 
"print.default" "print" "print.data.frame" "<Anonymous>" 
